Removed Pin From Net: NetName=FSR12 Pin=U21-2
Removed Pin From Net: NetName=VOFSR1 Pin=U21-3
Removed Pin From Net: NetName=VOFSR2 Pin=U21-5
Removed Pin From Net: NetName=FSR22 Pin=U21-6
Removed Pin From Net: NetName=FSR32 Pin=U21-9
Removed Pin From Net: NetName=VOFSR3 Pin=U21-10
Removed Pin From Net: NetName=VOFSR4 Pin=U21-12
Removed Pin From Net: NetName=FSR42 Pin=U21-13
Removed Pin From Net: NetName=FSR52 Pin=U22-2
Removed Pin From Net: NetName=VOFSR5 Pin=U22-3
Removed Pin From Net: NetName=VOFSR6 Pin=U22-5
Removed Pin From Net: NetName=FSR62 Pin=U22-6
Removed Pin From Net: NetName=FSR72 Pin=U22-9
Removed Pin From Net: NetName=VOFSR7 Pin=U22-10
Removed Pin From Net: NetName=VOFSR8 Pin=U22-12
Removed Pin From Net: NetName=FSR82 Pin=U22-13
Change Component Designator: OldDesignator=FSR INPUT NewDesignator=P23
Change Component Designator: OldDesignator=FSR OUT NewDesignator=P25
Change Component Designator: OldDesignator=PB INPUT NewDesignator=P26
Change Component Designator: OldDesignator=PB OUT NewDesignator=P38
Added Pin To Net: NetName=VOFSR1 Pin=U21-2
Added Pin To Net: NetName=FSR12 Pin=U21-3
Added Pin To Net: NetName=FSR22 Pin=U21-5
Added Pin To Net: NetName=VOFSR2 Pin=U21-6
Added Pin To Net: NetName=VOFSR3 Pin=U21-9
Added Pin To Net: NetName=FSR32 Pin=U21-10
Added Pin To Net: NetName=FSR42 Pin=U21-12
Added Pin To Net: NetName=VOFSR4 Pin=U21-13
Added Pin To Net: NetName=VOFSR5 Pin=U22-2
Added Pin To Net: NetName=FSR52 Pin=U22-3
Added Pin To Net: NetName=FSR62 Pin=U22-5
Added Pin To Net: NetName=VOFSR6 Pin=U22-6
Added Pin To Net: NetName=VOFSR7 Pin=U22-9
Added Pin To Net: NetName=FSR72 Pin=U22-10
Added Pin To Net: NetName=FSR82 Pin=U22-12
Added Pin To Net: NetName=VOFSR8 Pin=U22-13
Added Member To Class: ClassName=HSens Member=Component R85 Res3
