Change Component Designator: Old Designator=C1 New Designator=C50
Change Component Designator: Old Designator=C2 New Designator=C51
Change Component Designator: Old Designator=C3 New Designator=C55
Change Component Designator: Old Designator=C4 New Designator=C53
Change Component Designator: Old Designator=C5 New Designator=C54
Change Component Designator: Old Designator=C6 New Designator=C56
Change Component Designator: Old Designator=C7 New Designator=C57
Change Component Designator: Old Designator=C8 New Designator=C52
Change Component Designator: Old Designator=C9 New Designator=C58
Change Component Designator: Old Designator=C10 New Designator=C59
Change Component Designator: Old Designator=D1 New Designator=D15
Change Component Designator: Old Designator=D2 New Designator=D16
Change Component Designator: Old Designator=D3 New Designator=D17
Change Component Designator: Old Designator=D4 New Designator=D18
Change Component Designator: Old Designator=P1 New Designator=P37
Change Component Designator: Old Designator=R1 New Designator=R98
Change Component Designator: Old Designator=R2 New Designator=R99
Change Component Designator: Old Designator=R3 New Designator=R100
Change Component Designator: Old Designator=R4 New Designator=R101
Change Component Designator: Old Designator=R5 New Designator=R102
Change Component Designator: Old Designator=R6 New Designator=R103
Change Component Designator: Old Designator=R7 New Designator=R104
Change Component Designator: Old Designator=R8 New Designator=R105
Change Component Designator: Old Designator=R9 New Designator=R106
Change Component Designator: Old Designator=R10 New Designator=R119
Change Component Designator: Old Designator=R11 New Designator=R120
Change Component Designator: Old Designator=R12 New Designator=R121
Change Component Designator: Old Designator=R13 New Designator=R122
Change Component Designator: Old Designator=R14 New Designator=R123
Change Component Designator: Old Designator=R15 New Designator=R124
Change Component Designator: Old Designator=R16 New Designator=R126
Change Component Designator: Old Designator=R17 New Designator=R127
Change Component Designator: Old Designator=R18 New Designator=R107
Change Component Designator: Old Designator=R19 New Designator=R111
Change Component Designator: Old Designator=R20 New Designator=R112
Change Component Designator: Old Designator=R21 New Designator=R113
Change Component Designator: Old Designator=R22 New Designator=R114
Change Component Designator: Old Designator=R23 New Designator=R115
Change Component Designator: Old Designator=R24 New Designator=R116
Change Component Designator: Old Designator=R25 New Designator=R117
Change Component Designator: Old Designator=R26 New Designator=R109
Change Component Designator: Old Designator=R27 New Designator=R110
Change Component Designator: Old Designator=R28 New Designator=R132
Change Component Designator: Old Designator=R29 New Designator=R130
Change Component Designator: Old Designator=R30 New Designator=R128
Change Component Designator: Old Designator=R31 New Designator=R131
Change Component Designator: Old Designator=R32 New Designator=R129
Change Component Designator: Old Designator=R33 New Designator=R133
Change Component Designator: Old Designator=R34 New Designator=R125
Change Component Designator: Old Designator=R35 New Designator=R108
Change Component Designator: Old Designator=R36 New Designator=R118
Change Component Designator: Old Designator=R37 New Designator=R135
Change Component Designator: Old Designator=R38 New Designator=R134
Change Component Designator: Old Designator=U1 New Designator=U30
Change Component Designator: Old Designator=U2 New Designator=U31
Change Component Designator: Old Designator=U3 New Designator=U32
Change Component Designator: Old Designator=U4 New Designator=U33
