Remove Pin=R7-2 From Net=EMCH1RLD
Remove Pin=R8-2 From Net=VOUTLPFLT1
Remove Pin=R9-2 From Net=EMGCH1
Remove Pin=R12-1 From Net=VREF2.5
Remove Pin=R19-2 From Net=EMCH2RLD
Remove Pin=R22-2 From Net=VOUTLPFLT2
Remove Pin=R23-2 From Net=EMGCH2
Remove Pin=R27-1 From Net=VREF2.5
Remove Pin=R31-2 From Net=EMCH3RLD
Remove Pin=R37-2 From Net=VOUTLPFLT3
Remove Pin=R38-2 From Net=EMGCH3
Remove Pin=R41-2 From Net=EMCH4RLD
Remove Pin=R43-1 From Net=VREF2.5
Remove Pin=R50-2 From Net=VOUTLPFLT4
Remove Pin=R51-2 From Net=EMGCH4
Remove Pin=R54-1 From Net=VREF2.5
Remove Pin=R65-2 From Net=VOUTHPFLT1
Remove Pin=R68-2 From Net=VOUTHPFLT2
Remove Pin=R69-2 From Net=VOUTHPFLT3
Remove Pin=R72-2 From Net=VOUTHPFLT4
Remove Pin=R79-1 From Net=PB12
Remove Pin=R79-2 From Net=PBOUT1
Remove Pin=R80-1 From Net=PB22
Remove Pin=R80-2 From Net=PBOUT2
Remove Pin=R83-1 From Net=PB32
Remove Pin=R83-2 From Net=PBOUT3
Remove Pin=R84-1 From Net=PB42
Remove Pin=R84-2 From Net=PBOUT4
Remove Pin=R85-1 From Net=PB52
Remove Pin=R85-2 From Net=PBOUT5
Remove Pin=R86-1 From Net=PB62
Remove Pin=R86-2 From Net=PBOUT6
Remove Pin=R89-1 From Net=PB72
Remove Pin=R89-2 From Net=PBOUT7
Remove Pin=R90-1 From Net=PB82
Remove Pin=R90-2 From Net=PBOUT8
Remove Pin=R91-1 From Net=PB92
Remove Pin=R91-2 From Net=PBOUT9
Remove Pin=R97-1 From Net=PB102
Remove Pin=R97-2 From Net=PBOUT10
Remove Pin=U1-6 From Net=VOUTPAM1
Remove Pin=U2A-3 From Net=PAMP1
Remove Pin=U2-4 From Net=V+
Remove Pin=U2-13 From Net=V-
Remove Pin=U3-6 From Net=VOUTPAM2
Remove Pin=U4A-3 From Net=PAMP2
Remove Pin=U4-4 From Net=V+
Remove Pin=U4-13 From Net=V-
Remove Pin=U5A-3 From Net=PAMP3
Remove Pin=U5-4 From Net=V+
Remove Pin=U5-13 From Net=V-
Remove Pin=U6-6 From Net=VOUTPAM3
Remove Pin=U7A-3 From Net=PAMP4
Remove Pin=U7-4 From Net=V+
Remove Pin=U7-13 From Net=V-
Remove Pin=U8-6 From Net=VOUTPAM4
Remove Pin=U9-4 From Net=V+
Remove Pin=U9-11 From Net=V-
Remove Pin=U10-4 From Net=V+
Remove Pin=U10-11 From Net=V-
Remove Pin=U11-4 From Net=V+
Remove Pin=U19-4 From Net=V+
Remove Pin=U23-4 From Net=V+
Remove Pin=U24-4 From Net=V+
