Change Component Designator: Old Designator=C? New Designator=C40
Change Component Designator: Old Designator=C? New Designator=C41
Change Component Designator: Old Designator=C? New Designator=C42
Change Component Designator: Old Designator=C? New Designator=C43
Change Component Designator: Old Designator=C? New Designator=C44
Change Component Designator: Old Designator=C? New Designator=C45
Change Component Designator: Old Designator=C? New Designator=C46
Change Component Designator: Old Designator=C? New Designator=C47
Change Component Designator: Old Designator=C? New Designator=C48
Change Component Designator: Old Designator=P? New Designator=P24
Change Component Designator: Old Designator=P? New Designator=P27
Change Component Designator: Old Designator=P? New Designator=P28
Change Component Designator: Old Designator=P? New Designator=P29
Change Component Designator: Old Designator=P? New Designator=P30
Change Component Designator: Old Designator=P? New Designator=P31
Change Component Designator: Old Designator=P? New Designator=P32
Change Component Designator: Old Designator=P? New Designator=P33
Change Component Designator: Old Designator=P? New Designator=P34
Change Component Designator: Old Designator=R? New Designator=R94
Change Component Designator: Old Designator=R? New Designator=R95
Change Component Designator: Old Designator=R? New Designator=R96
Change Component Designator: Old Designator=S? New Designator=S7
Change Component Designator: Old Designator=S? New Designator=S8
Change Component Designator: Old Designator=S? New Designator=S9
Change Component Designator: Old Designator=U? New Designator=U24
Change Component Designator: Old Designator=U? New Designator=U25
Change Component Designator: Old Designator=U? New Designator=U26
Change Component Designator: Old Designator=U? New Designator=U27
Change Component Designator: Old Designator=Y? New Designator=Y2
Change Component Designator: Old Designator=Y? New Designator=Y3
Change Component Designator: Old Designator=Y? New Designator=Y4
