Change Component Designator: Old Designator=C21 New Designator=C?
Change Component Designator: Old Designator=C21 New Designator=C?
Change Component Designator: Old Designator=C21 New Designator=C?
Change Component Designator: Old Designator=D5 New Designator=D?
Change Component Designator: Old Designator=D6 New Designator=D?
Change Component Designator: Old Designator=D7 New Designator=D?
Change Component Designator: Old Designator=D8 New Designator=D?
Change Component Designator: Old Designator=D9 New Designator=D?
Change Component Designator: Old Designator=D10 New Designator=D?
Change Component Designator: Old Designator=D11 New Designator=D?
Change Component Designator: Old Designator=D12 New Designator=D?
Change Component Designator: Old Designator=D13 New Designator=D?
Change Component Designator: Old Designator=D14 New Designator=D?
Change Component Designator: Old Designator=D15 New Designator=D?
Change Component Designator: Old Designator=D16 New Designator=D?
Change Component Designator: Old Designator=D17 New Designator=D?
Change Component Designator: Old Designator=D18 New Designator=D?
Change Component Designator: Old Designator=D19 New Designator=D?
Change Component Designator: Old Designator=D20 New Designator=D?
Change Component Designator: Old Designator=D21 New Designator=D?
Change Component Designator: Old Designator=D22 New Designator=D?
Change Component Designator: Old Designator=D23 New Designator=D?
Change Component Designator: Old Designator=D24 New Designator=D?
Change Component Designator: Old Designator=D25 New Designator=D?
Change Component Designator: Old Designator=D26 New Designator=D?
Change Component Designator: Old Designator=D27 New Designator=D?
Change Component Designator: Old Designator=D28 New Designator=D?
Change Component Designator: Old Designator=D29 New Designator=D?
Change Component Designator: Old Designator=D30 New Designator=D?
Change Component Designator: Old Designator=D31 New Designator=D?
Change Component Designator: Old Designator=D32 New Designator=D?
Change Component Designator: Old Designator=D33 New Designator=D?
Change Component Designator: Old Designator=D34 New Designator=D?
Change Component Designator: Old Designator=D35 New Designator=D?
Change Component Designator: Old Designator=D36 New Designator=D?
Change Component Designator: Old Designator=D37 New Designator=D?
Change Component Designator: Old Designator=D38 New Designator=D?
Change Component Designator: Old Designator=D39 New Designator=D?
Change Component Designator: Old Designator=D40 New Designator=D?
Change Component Designator: Old Designator=D41 New Designator=D?
Change Component Designator: Old Designator=D42 New Designator=D?
Change Component Designator: Old Designator=D43 New Designator=D?
Change Component Designator: Old Designator=D44 New Designator=D?
Change Component Designator: Old Designator=H1 New Designator=H?
Change Component Designator: Old Designator=H2 New Designator=H?
Change Component Designator: Old Designator=P7 New Designator=P?
Change Component Designator: Old Designator=P11 New Designator=P?
Change Component Designator: Old Designator=P12 New Designator=P?
Change Component Designator: Old Designator=P13 New Designator=P?
Change Component Designator: Old Designator=P14 New Designator=P?
Change Component Designator: Old Designator=P15 New Designator=P?
Change Component Designator: Old Designator=P16 New Designator=P?
Change Component Designator: Old Designator=P17 New Designator=P?
Change Component Designator: Old Designator=P18 New Designator=P?
Change Component Designator: Old Designator=P19 New Designator=P?
Change Component Designator: Old Designator=P20 New Designator=P?
Change Component Designator: Old Designator=P21 New Designator=P?
Change Component Designator: Old Designator=P22 New Designator=P?
Change Component Designator: Old Designator=U16 New Designator=U?
Change Component Designator: Old Designator=U17 New Designator=U?
Change Component Designator: Old Designator=U18 New Designator=U?
Change Component Designator: Old Designator=U19 New Designator=U?
Change Component Designator: Old Designator=U20 New Designator=U?
Change Component Designator: Old Designator=U21 New Designator=U?
Change Component Designator: Old Designator=U22 New Designator=U?
Change Component Designator: Old Designator=U23 New Designator=U?
