Added Component: Designator=C1(C1206)
Added Component: Designator=C2(C1206)
Added Component: Designator=C3(C1206)
Added Component: Designator=C4(C1206)
Added Component: Designator=C5(C1206)
Added Component: Designator=C6(C1206)
Added Component: Designator=C7(C1206)
Added Component: Designator=C8(C1206)
Added Component: Designator=C9(C1206)
Added Component: Designator=C10(C1206)
Added Component: Designator=C11(C1206)
Added Component: Designator=C12(C1206)
Added Component: Designator=C13(CAPC2012M)
Added Component: Designator=C14(C1206)
Added Component: Designator=C15(1608[0603])
Added Component: Designator=C16(1608[0603])
Added Component: Designator=C17(C1206)
Added Component: Designator=C18(C1206)
Added Component: Designator=C19(1608[0603])
Added Component: Designator=C20(1608[0603])
Added Component: Designator=C21(C1206)
Added Component: Designator=C22(C1206)
Added Component: Designator=C23(C1206)
Added Component: Designator=C24(C1206)
Added Component: Designator=C25(C1206)
Added Component: Designator=C26(1608[0603])
Added Component: Designator=C27(1608[0603])
Added Component: Designator=C28(1608[0603])
Added Component: Designator=C29(1608[0603])
Added Component: Designator=C30(RAD-0.2)
Added Component: Designator=C31(C100UFB)
Added Component: Designator=C38(CAPC2012M)
Added Component: Designator=C39(CAPC2012M)
Added Component: Designator=C40(CAPC2012M)
Added Component: Designator=C41(CAPC2012M)
Added Component: Designator=C42(CAPC2012M)
Added Component: Designator=C43(C1206)
Added Component: Designator=C44(C1206)
Added Component: Designator=C45(C1206)
Added Component: Designator=C46(C1206)
Added Component: Designator=C47(C1206)
Added Component: Designator=C48(C1206)
Added Component: Designator=C49(CAPC2012M)
Added Component: Designator=D1(DO-41)
Added Component: Designator=D2(DO-41)
Added Component: Designator=D3(DO-41)
Added Component: Designator=D4(DO-41)
Added Component: Designator=D5(DO-41)
Added Component: Designator=D6(DO-41)
Added Component: Designator=D7(DO-41)
Added Component: Designator=D8(DO-41)
Added Component: Designator=D9(DO-41)
Added Component: Designator=D10(DO-41)
Added Component: Designator=D11(DO-41)
Added Component: Designator=D12(DO-41)
Added Component: Designator=P1(AZUL5-3)
Added Component: Designator=P2(AZUL5-8)
Added Component: Designator=P3(AZUL5-8)
Added Component: Designator=P4(SHBH 2x3)
Added Component: Designator=P5(AZUL5-6)
Added Component: Designator=P6(AZUL5-7)
Added Component: Designator=P7(AZUL5-2)
Added Component: Designator=P8(AZUL5-2)
Added Component: Designator=P9(AZUL5-2)
Added Component: Designator=P10(AZUL5-2)
Added Component: Designator=P11(AZUL5-2)
Added Component: Designator=P12(AZUL5-2)
Added Component: Designator=P13(AZUL5-2)
Added Component: Designator=P14(AZUL5-2)
Added Component: Designator=P15(AZUL5-2)
Added Component: Designator=P16(AZUL5-2)
Added Component: Designator=P17(AZUL5-2)
Added Component: Designator=P18(AZUL5-2)
Added Component: Designator=P19(AZUL5-2)
Added Component: Designator=P20(SHBH 2X8)
Added Component: Designator=P21(SHBH 2X8)
Added Component: Designator=P22(AZUL5-3)
Added Component: Designator=P23(HDR2X8)
Added Component: Designator=P24(AZUL5-3)
Added Component: Designator=P25(HDR1X9H)
Added Component: Designator=P26(HDR2X10)
Added Component: Designator=P27(SHBH 2x3)
Added Component: Designator=P28(HDR1X5H)
Added Component: Designator=P29(HDR1X9H)
Added Component: Designator=P30(HDR1X11H)
Added Component: Designator=P31(HDR2X16_CEN)
Added Component: Designator=P32(AZUL5-6)
Added Component: Designator=P33(HDR1X5)
Added Component: Designator=P34(HDR1X4)
Added Component: Designator=P35(SHBH 2X8)
Added Component: Designator=P36(SHBH 2X8)
Added Component: Designator=P38(HDR1X11H)
Added Component: Designator=R10(3361P)
Added Component: Designator=R24(3361P)
Added Component: Designator=R39(3361P)
Added Component: Designator=R52(3361P)
Added Component: Designator=R74(3361P)
Added Component: Designator=R76(3361P)
Added Component: Designator=S7(PBOTTON SMT4)
Added Component: Designator=S8(PBOTTON SMT4)
Added Component: Designator=S9(PBOTTON SMT4)
Added Component: Designator=U12(SOP8 - duplicate)
Added Component: Designator=U13(936-03)
Added Component: Designator=U14(936-03)
Added Component: Designator=U15(SO20_N)
Added Component: Designator=U16(SO20_N)
Added Component: Designator=U17(SO20_N)
Added Component: Designator=U18(SO20_N)
Added Component: Designator=U20(DIP16)
Added Component: Designator=U21(SO14_N)
Added Component: Designator=U22(SO14_N)
Added Component: Designator=U25(PDIP600-P40)
Added Component: Designator=U26(PDIP600-P40)
Added Component: Designator=U27(PDIP600-P40)
Added Component: Designator=Y2(R38)
Added Component: Designator=Y3(R38)
Added Component: Designator=Y4(R38)
Added Pin To Net: NetName=ACC GS Pin=P28-5
Added Net: Name=ACC GS
Added Pin To Net: NetName=ACC X Pin=P28-2
Added Pin To Net: NetName=ACC X Pin=U26-8
Added Net: Name=ACC X
Added Pin To Net: NetName=ACC Y Pin=P28-3
Added Pin To Net: NetName=ACC Y Pin=U26-9
Added Net: Name=ACC Y
Added Pin To Net: NetName=ACC Z Pin=P28-4
Added Pin To Net: NetName=ACC Z Pin=U26-10
Added Net: Name=ACC Z
Added Pin To Net: NetName=BATCIR+ Pin=C1-1
Added Pin To Net: NetName=BATCIR+ Pin=C4-1
Added Pin To Net: NetName=BATCIR+ Pin=C7-1
Added Pin To Net: NetName=BATCIR+ Pin=C10-1
Added Pin To Net: NetName=BATCIR+ Pin=C31-1
Added Pin To Net: NetName=BATCIR+ Pin=P1-3
Added Pin To Net: NetName=BATCIR+ Pin=P5-2
Added Pin To Net: NetName=BATCIR+ Pin=P6-3
Added Pin To Net: NetName=BATCIR+ Pin=P7-2
Added Pin To Net: NetName=BATCIR+ Pin=P22-3
Added Pin To Net: NetName=BATCIR+ Pin=P24-3
Added Pin To Net: NetName=BATCIR+ Pin=U12-3
Added Pin To Net: NetName=BATCIR+ Pin=U21-4
Added Pin To Net: NetName=BATCIR+ Pin=U22-4
Added Net: Name=BATCIR+
Added Pin To Net: NetName=BATCIR- Pin=C3-2
Added Pin To Net: NetName=BATCIR- Pin=C6-2
Added Pin To Net: NetName=BATCIR- Pin=C9-2
Added Pin To Net: NetName=BATCIR- Pin=C12-2
Added Pin To Net: NetName=BATCIR- Pin=C30-1
Added Pin To Net: NetName=BATCIR- Pin=C31-2
Added Pin To Net: NetName=BATCIR- Pin=P1-2
Added Pin To Net: NetName=BATCIR- Pin=P5-1
Added Pin To Net: NetName=BATCIR- Pin=P6-2
Added Pin To Net: NetName=BATCIR- Pin=P22-2
Added Pin To Net: NetName=BATCIR- Pin=P24-2
Added Pin To Net: NetName=BATCIR- Pin=U12-2
Added Pin To Net: NetName=BATCIR- Pin=U21-11
Added Pin To Net: NetName=BATCIR- Pin=U22-11
Added Net: Name=BATCIR-
Added Pin To Net: NetName=BATMOT+ Pin=D1-2
Added Pin To Net: NetName=BATMOT+ Pin=P5-4
Added Pin To Net: NetName=BATMOT+ Pin=U13-3
Added Net: Name=BATMOT+
Added Pin To Net: NetName=BATMOT- Pin=C1-2
Added Pin To Net: NetName=BATMOT- Pin=C3-1
Added Pin To Net: NetName=BATMOT- Pin=C4-2
Added Pin To Net: NetName=BATMOT- Pin=C6-1
Added Pin To Net: NetName=BATMOT- Pin=C7-2
Added Pin To Net: NetName=BATMOT- Pin=C9-1
Added Pin To Net: NetName=BATMOT- Pin=C10-2
Added Pin To Net: NetName=BATMOT- Pin=C12-1
Added Pin To Net: NetName=BATMOT- Pin=C13-2
Added Pin To Net: NetName=BATMOT- Pin=C22-1
Added Pin To Net: NetName=BATMOT- Pin=C23-1
Added Pin To Net: NetName=BATMOT- Pin=C24-1
Added Pin To Net: NetName=BATMOT- Pin=C25-1
Added Pin To Net: NetName=BATMOT- Pin=C38-2
Added Pin To Net: NetName=BATMOT- Pin=C39-2
Added Pin To Net: NetName=BATMOT- Pin=C40-2
Added Pin To Net: NetName=BATMOT- Pin=C41-2
Added Pin To Net: NetName=BATMOT- Pin=C42-2
Added Pin To Net: NetName=BATMOT- Pin=C43-2
Added Pin To Net: NetName=BATMOT- Pin=C44-2
Added Pin To Net: NetName=BATMOT- Pin=C45-2
Added Pin To Net: NetName=BATMOT- Pin=C46-2
Added Pin To Net: NetName=BATMOT- Pin=C47-2
Added Pin To Net: NetName=BATMOT- Pin=C48-2
Added Pin To Net: NetName=BATMOT- Pin=C49-2
Added Pin To Net: NetName=BATMOT- Pin=D7-1
Added Pin To Net: NetName=BATMOT- Pin=D8-1
Added Pin To Net: NetName=BATMOT- Pin=D11-1
Added Pin To Net: NetName=BATMOT- Pin=D12-1
Added Pin To Net: NetName=BATMOT- Pin=P1-1
Added Pin To Net: NetName=BATMOT- Pin=P4-1
Added Pin To Net: NetName=BATMOT- Pin=P5-3
Added Pin To Net: NetName=BATMOT- Pin=P5-5
Added Pin To Net: NetName=BATMOT- Pin=P6-1
Added Pin To Net: NetName=BATMOT- Pin=P6-4
Added Pin To Net: NetName=BATMOT- Pin=P6-6
Added Pin To Net: NetName=BATMOT- Pin=P7-1
Added Pin To Net: NetName=BATMOT- Pin=P8-1
Added Pin To Net: NetName=BATMOT- Pin=P13-1
Added Pin To Net: NetName=BATMOT- Pin=P22-1
Added Pin To Net: NetName=BATMOT- Pin=P24-1
Added Pin To Net: NetName=BATMOT- Pin=P25-1
Added Pin To Net: NetName=BATMOT- Pin=P26-1
Added Pin To Net: NetName=BATMOT- Pin=P26-3
Added Pin To Net: NetName=BATMOT- Pin=P26-5
Added Pin To Net: NetName=BATMOT- Pin=P26-7
Added Pin To Net: NetName=BATMOT- Pin=P26-9
Added Pin To Net: NetName=BATMOT- Pin=P26-11
Added Pin To Net: NetName=BATMOT- Pin=P26-13
Added Pin To Net: NetName=BATMOT- Pin=P26-15
Added Pin To Net: NetName=BATMOT- Pin=P26-17
Added Pin To Net: NetName=BATMOT- Pin=P26-19
Added Pin To Net: NetName=BATMOT- Pin=P27-1
Added Pin To Net: NetName=BATMOT- Pin=P28-1
Added Pin To Net: NetName=BATMOT- Pin=P29-1
Added Pin To Net: NetName=BATMOT- Pin=P30-1
Added Pin To Net: NetName=BATMOT- Pin=P31-1
Added Pin To Net: NetName=BATMOT- Pin=P31-5
Added Pin To Net: NetName=BATMOT- Pin=P31-9
Added Pin To Net: NetName=BATMOT- Pin=P31-13
Added Pin To Net: NetName=BATMOT- Pin=P31-17
Added Pin To Net: NetName=BATMOT- Pin=P31-21
Added Pin To Net: NetName=BATMOT- Pin=P31-25
Added Pin To Net: NetName=BATMOT- Pin=P31-29
Added Pin To Net: NetName=BATMOT- Pin=P38-1
Added Pin To Net: NetName=BATMOT- Pin=R74-1
Added Pin To Net: NetName=BATMOT- Pin=R74-2
Added Pin To Net: NetName=BATMOT- Pin=R76-1
Added Pin To Net: NetName=BATMOT- Pin=R76-2
Added Pin To Net: NetName=BATMOT- Pin=S7-2
Added Pin To Net: NetName=BATMOT- Pin=S7-2
Added Pin To Net: NetName=BATMOT- Pin=S8-2
Added Pin To Net: NetName=BATMOT- Pin=S8-2
Added Pin To Net: NetName=BATMOT- Pin=S9-2
Added Pin To Net: NetName=BATMOT- Pin=S9-2
Added Pin To Net: NetName=BATMOT- Pin=U12-1
Added Pin To Net: NetName=BATMOT- Pin=U15-4
Added Pin To Net: NetName=BATMOT- Pin=U15-5
Added Pin To Net: NetName=BATMOT- Pin=U15-6
Added Pin To Net: NetName=BATMOT- Pin=U15-7
Added Pin To Net: NetName=BATMOT- Pin=U15-14
Added Pin To Net: NetName=BATMOT- Pin=U15-15
Added Pin To Net: NetName=BATMOT- Pin=U15-16
Added Pin To Net: NetName=BATMOT- Pin=U15-17
Added Pin To Net: NetName=BATMOT- Pin=U16-4
Added Pin To Net: NetName=BATMOT- Pin=U16-5
Added Pin To Net: NetName=BATMOT- Pin=U16-6
Added Pin To Net: NetName=BATMOT- Pin=U16-7
Added Pin To Net: NetName=BATMOT- Pin=U16-14
Added Pin To Net: NetName=BATMOT- Pin=U16-15
Added Pin To Net: NetName=BATMOT- Pin=U16-16
Added Pin To Net: NetName=BATMOT- Pin=U16-17
Added Pin To Net: NetName=BATMOT- Pin=U17-4
Added Pin To Net: NetName=BATMOT- Pin=U17-5
Added Pin To Net: NetName=BATMOT- Pin=U17-6
Added Pin To Net: NetName=BATMOT- Pin=U17-7
Added Pin To Net: NetName=BATMOT- Pin=U17-14
Added Pin To Net: NetName=BATMOT- Pin=U17-15
Added Pin To Net: NetName=BATMOT- Pin=U17-16
Added Pin To Net: NetName=BATMOT- Pin=U17-17
Added Pin To Net: NetName=BATMOT- Pin=U18-4
Added Pin To Net: NetName=BATMOT- Pin=U18-5
Added Pin To Net: NetName=BATMOT- Pin=U18-6
Added Pin To Net: NetName=BATMOT- Pin=U18-7
Added Pin To Net: NetName=BATMOT- Pin=U18-14
Added Pin To Net: NetName=BATMOT- Pin=U18-15
Added Pin To Net: NetName=BATMOT- Pin=U18-16
Added Pin To Net: NetName=BATMOT- Pin=U18-17
Added Pin To Net: NetName=BATMOT- Pin=U20-4
Added Pin To Net: NetName=BATMOT- Pin=U20-5
Added Pin To Net: NetName=BATMOT- Pin=U20-12
Added Pin To Net: NetName=BATMOT- Pin=U20-13
Added Pin To Net: NetName=BATMOT- Pin=U25-12
Added Pin To Net: NetName=BATMOT- Pin=U25-31
Added Pin To Net: NetName=BATMOT- Pin=U26-12
Added Pin To Net: NetName=BATMOT- Pin=U26-31
Added Pin To Net: NetName=BATMOT- Pin=U27-12
Added Pin To Net: NetName=BATMOT- Pin=U27-31
Added Net: Name=BATMOT-
Added Pin To Net: NetName=BATSTP+ Pin=D3-2
Added Pin To Net: NetName=BATSTP+ Pin=P5-6
Added Pin To Net: NetName=BATSTP+ Pin=U14-3
Added Net: Name=BATSTP+
Added Pin To Net: NetName=EMCH1RLD Pin=P2-4
Added Net: Name=EMCH1RLD
Added Pin To Net: NetName=EMCH1SH Pin=P2-1
Added Net: Name=EMCH1SH
Added Pin To Net: NetName=EMCH2RLD Pin=P2-8
Added Net: Name=EMCH2RLD
Added Pin To Net: NetName=EMCH2SH Pin=P2-5
Added Net: Name=EMCH2SH
Added Pin To Net: NetName=EMCH3RLD Pin=P3-4
Added Net: Name=EMCH3RLD
Added Pin To Net: NetName=EMCH3SH Pin=P3-1
Added Net: Name=EMCH3SH
Added Pin To Net: NetName=EMCH4RLD Pin=P3-8
Added Net: Name=EMCH4RLD
Added Pin To Net: NetName=EMCH4SH Pin=P3-5
Added Net: Name=EMCH4SH
Added Pin To Net: NetName=EMCH101 Pin=C2-2
Added Pin To Net: NetName=EMCH101 Pin=P2-2
Added Net: Name=EMCH101
Added Pin To Net: NetName=EMCH102 Pin=C2-1
Added Pin To Net: NetName=EMCH102 Pin=P2-3
Added Net: Name=EMCH102
Added Pin To Net: NetName=EMCH201 Pin=C5-2
Added Pin To Net: NetName=EMCH201 Pin=P2-6
Added Net: Name=EMCH201
Added Pin To Net: NetName=EMCH202 Pin=C5-1
Added Pin To Net: NetName=EMCH202 Pin=P2-7
Added Net: Name=EMCH202
Added Pin To Net: NetName=EMCH301 Pin=C8-2
Added Pin To Net: NetName=EMCH301 Pin=P3-2
Added Net: Name=EMCH301
Added Pin To Net: NetName=EMCH302 Pin=C8-1
Added Pin To Net: NetName=EMCH302 Pin=P3-3
Added Net: Name=EMCH302
Added Pin To Net: NetName=EMCH401 Pin=C11-2
Added Pin To Net: NetName=EMCH401 Pin=P3-6
Added Net: Name=EMCH401
Added Pin To Net: NetName=EMCH402 Pin=C11-1
Added Pin To Net: NetName=EMCH402 Pin=P3-7
Added Net: Name=EMCH402
Added Pin To Net: NetName=EMGCH1 Pin=P4-2
Added Pin To Net: NetName=EMGCH1 Pin=P27-2
Added Pin To Net: NetName=EMGCH1 Pin=U25-2
Added Net: Name=EMGCH1
Added Pin To Net: NetName=EMGCH2 Pin=P4-3
Added Pin To Net: NetName=EMGCH2 Pin=P27-3
Added Pin To Net: NetName=EMGCH2 Pin=U25-3
Added Net: Name=EMGCH2
Added Pin To Net: NetName=EMGCH3 Pin=P4-6
Added Pin To Net: NetName=EMGCH3 Pin=P27-6
Added Pin To Net: NetName=EMGCH3 Pin=U25-4
Added Net: Name=EMGCH3
Added Pin To Net: NetName=EMGCH4 Pin=P4-5
Added Pin To Net: NetName=EMGCH4 Pin=P27-5
Added Pin To Net: NetName=EMGCH4 Pin=U25-5
Added Net: Name=EMGCH4
Added Pin To Net: NetName=EN1CHA Pin=P31-3
Added Pin To Net: NetName=EN1CHA Pin=U25-23
Added Net: Name=EN1CHA
Added Pin To Net: NetName=EN1CHB Pin=P31-4
Added Pin To Net: NetName=EN1CHB Pin=U25-24
Added Net: Name=EN1CHB
Added Pin To Net: NetName=EN2CHA Pin=P31-7
Added Pin To Net: NetName=EN2CHA Pin=U25-25
Added Net: Name=EN2CHA
Added Pin To Net: NetName=EN2CHB Pin=P31-8
Added Pin To Net: NetName=EN2CHB Pin=U25-26
Added Net: Name=EN2CHB
Added Pin To Net: NetName=EN3CHA Pin=P31-11
Added Pin To Net: NetName=EN3CHA Pin=U25-19
Added Net: Name=EN3CHA
Added Pin To Net: NetName=EN3CHB Pin=P31-12
Added Pin To Net: NetName=EN3CHB Pin=U25-20
Added Net: Name=EN3CHB
Added Pin To Net: NetName=EN4CHA Pin=P31-15
Added Pin To Net: NetName=EN4CHA Pin=U27-37
Added Net: Name=EN4CHA
Added Pin To Net: NetName=EN4CHB Pin=P31-16
Added Pin To Net: NetName=EN4CHB Pin=U27-38
Added Net: Name=EN4CHB
Added Pin To Net: NetName=EN5CHA Pin=P31-19
Added Pin To Net: NetName=EN5CHA Pin=U27-39
Added Net: Name=EN5CHA
Added Pin To Net: NetName=EN5CHB Pin=P31-20
Added Pin To Net: NetName=EN5CHB Pin=U27-40
Added Net: Name=EN5CHB
Added Pin To Net: NetName=EN6CHA Pin=P31-23
Added Pin To Net: NetName=EN6CHA Pin=U27-24
Added Net: Name=EN6CHA
Added Pin To Net: NetName=EN6CHB Pin=P31-24
Added Pin To Net: NetName=EN6CHB Pin=U27-25
Added Net: Name=EN6CHB
Added Pin To Net: NetName=EN7CHA Pin=P31-27
Added Pin To Net: NetName=EN7CHA Pin=U27-26
Added Net: Name=EN7CHA
Added Pin To Net: NetName=EN7CHB Pin=P31-28
Added Pin To Net: NetName=EN7CHB Pin=U27-19
Added Net: Name=EN7CHB
Added Pin To Net: NetName=EN8CHA Pin=P31-31
Added Pin To Net: NetName=EN8CHA Pin=U26-39
Added Net: Name=EN8CHA
Added Pin To Net: NetName=EN8CHB Pin=P31-32
Added Pin To Net: NetName=EN8CHB Pin=U26-40
Added Net: Name=EN8CHB
Added Pin To Net: NetName=EN11 Pin=P20-1
Added Pin To Net: NetName=EN11 Pin=P35-1
Added Pin To Net: NetName=EN11 Pin=U15-1
Added Pin To Net: NetName=EN11 Pin=U25-16
Added Net: Name=EN11
Added Pin To Net: NetName=EN12 Pin=P20-4
Added Pin To Net: NetName=EN12 Pin=P35-4
Added Pin To Net: NetName=EN12 Pin=U15-11
Added Pin To Net: NetName=EN12 Pin=U25-17
Added Net: Name=EN12
Added Pin To Net: NetName=EN21 Pin=P20-7
Added Pin To Net: NetName=EN21 Pin=P35-7
Added Pin To Net: NetName=EN21 Pin=U16-1
Added Pin To Net: NetName=EN21 Pin=U25-15
Added Net: Name=EN21
Added Pin To Net: NetName=EN22 Pin=P20-10
Added Pin To Net: NetName=EN22 Pin=P35-10
Added Pin To Net: NetName=EN22 Pin=U16-11
Added Pin To Net: NetName=EN22 Pin=U27-16
Added Net: Name=EN22
Added Pin To Net: NetName=EN31 Pin=P20-13
Added Pin To Net: NetName=EN31 Pin=P35-13
Added Pin To Net: NetName=EN31 Pin=U17-1
Added Pin To Net: NetName=EN31 Pin=U27-15
Added Net: Name=EN31
Added Pin To Net: NetName=EN32 Pin=P21-1
Added Pin To Net: NetName=EN32 Pin=P36-1
Added Pin To Net: NetName=EN32 Pin=U17-11
Added Pin To Net: NetName=EN32 Pin=U27-17
Added Net: Name=EN32
Added Pin To Net: NetName=EN41 Pin=P21-4
Added Pin To Net: NetName=EN41 Pin=P36-4
Added Pin To Net: NetName=EN41 Pin=U18-1
Added Pin To Net: NetName=EN41 Pin=U27-23
Added Net: Name=EN41
Added Pin To Net: NetName=EN42 Pin=P21-7
Added Pin To Net: NetName=EN42 Pin=P36-7
Added Pin To Net: NetName=EN42 Pin=U18-11
Added Pin To Net: NetName=EN42 Pin=U26-15
Added Net: Name=EN42
Added Pin To Net: NetName=EN51 Pin=P21-10
Added Pin To Net: NetName=EN51 Pin=P36-10
Added Pin To Net: NetName=EN51 Pin=U20-1
Added Pin To Net: NetName=EN51 Pin=U26-19
Added Net: Name=EN51
Added Pin To Net: NetName=EN52 Pin=P21-13
Added Pin To Net: NetName=EN52 Pin=P36-13
Added Pin To Net: NetName=EN52 Pin=U20-9
Added Pin To Net: NetName=EN52 Pin=U26-20
Added Net: Name=EN52
Added Pin To Net: NetName=FSR1 Pin=P29-2
Added Pin To Net: NetName=FSR1 Pin=U25-7
Added Net: Name=FSR1
Added Pin To Net: NetName=FSR2 Pin=P29-3
Added Pin To Net: NetName=FSR2 Pin=U25-33
Added Net: Name=FSR2
Added Pin To Net: NetName=FSR3 Pin=P29-4
Added Pin To Net: NetName=FSR3 Pin=U25-34
Added Net: Name=FSR3
Added Pin To Net: NetName=FSR4 Pin=P29-5
Added Pin To Net: NetName=FSR4 Pin=U25-35
Added Net: Name=FSR4
Added Pin To Net: NetName=FSR5 Pin=P29-6
Added Pin To Net: NetName=FSR5 Pin=U27-2
Added Net: Name=FSR5
Added Pin To Net: NetName=FSR6 Pin=P29-7
Added Pin To Net: NetName=FSR6 Pin=U27-3
Added Net: Name=FSR6
Added Pin To Net: NetName=FSR7 Pin=P29-8
Added Pin To Net: NetName=FSR7 Pin=U27-4
Added Net: Name=FSR7
Added Pin To Net: NetName=FSR8 Pin=P29-9
Added Pin To Net: NetName=FSR8 Pin=U27-5
Added Net: Name=FSR8
Added Pin To Net: NetName=FSR11 Pin=C38-1
Added Pin To Net: NetName=FSR11 Pin=C39-1
Added Pin To Net: NetName=FSR11 Pin=C49-1
Added Pin To Net: NetName=FSR11 Pin=P23-1
Added Pin To Net: NetName=FSR11 Pin=P23-3
Added Pin To Net: NetName=FSR11 Pin=P23-5
Added Pin To Net: NetName=FSR11 Pin=P23-7
Added Pin To Net: NetName=FSR11 Pin=P23-9
Added Pin To Net: NetName=FSR11 Pin=P23-11
Added Pin To Net: NetName=FSR11 Pin=P23-13
Added Pin To Net: NetName=FSR11 Pin=P23-15
Added Pin To Net: NetName=FSR11 Pin=P31-2
Added Pin To Net: NetName=FSR11 Pin=P31-6
Added Pin To Net: NetName=FSR11 Pin=P31-10
Added Pin To Net: NetName=FSR11 Pin=P31-14
Added Pin To Net: NetName=FSR11 Pin=P31-18
Added Pin To Net: NetName=FSR11 Pin=P31-22
Added Pin To Net: NetName=FSR11 Pin=P31-26
Added Pin To Net: NetName=FSR11 Pin=P31-30
Added Pin To Net: NetName=FSR11 Pin=U15-20
Added Pin To Net: NetName=FSR11 Pin=U16-20
Added Pin To Net: NetName=FSR11 Pin=U17-20
Added Pin To Net: NetName=FSR11 Pin=U18-20
Added Pin To Net: NetName=FSR11 Pin=U20-16
Added Pin To Net: NetName=FSR11 Pin=U25-11
Added Pin To Net: NetName=FSR11 Pin=U25-32
Added Pin To Net: NetName=FSR11 Pin=U26-11
Added Pin To Net: NetName=FSR11 Pin=U26-32
Added Pin To Net: NetName=FSR11 Pin=U27-11
Added Pin To Net: NetName=FSR11 Pin=U27-32
Added Net: Name=FSR11
Added Pin To Net: NetName=FSR12 Pin=P23-2
Added Pin To Net: NetName=FSR12 Pin=U21-2
Added Net: Name=FSR12
Added Pin To Net: NetName=FSR22 Pin=P23-4
Added Pin To Net: NetName=FSR22 Pin=U21-6
Added Net: Name=FSR22
Added Pin To Net: NetName=FSR32 Pin=P23-6
Added Pin To Net: NetName=FSR32 Pin=U21-9
Added Net: Name=FSR32
Added Pin To Net: NetName=FSR42 Pin=P23-8
Added Pin To Net: NetName=FSR42 Pin=U21-13
Added Net: Name=FSR42
Added Pin To Net: NetName=FSR52 Pin=P23-10
Added Pin To Net: NetName=FSR52 Pin=U22-2
Added Net: Name=FSR52
Added Pin To Net: NetName=FSR62 Pin=P23-12
Added Pin To Net: NetName=FSR62 Pin=U22-6
Added Net: Name=FSR62
Added Pin To Net: NetName=FSR72 Pin=P23-14
Added Pin To Net: NetName=FSR72 Pin=U22-9
Added Net: Name=FSR72
Added Pin To Net: NetName=FSR82 Pin=P23-16
Added Pin To Net: NetName=FSR82 Pin=U22-13
Added Net: Name=FSR82
Added Pin To Net: NetName=IN11 Pin=P20-2
Added Pin To Net: NetName=IN11 Pin=P35-2
Added Pin To Net: NetName=IN11 Pin=U15-2
Added Pin To Net: NetName=IN11 Pin=U25-21
Added Net: Name=IN11
Added Pin To Net: NetName=IN12 Pin=P20-3
Added Pin To Net: NetName=IN12 Pin=P35-3
Added Pin To Net: NetName=IN12 Pin=U15-9
Added Pin To Net: NetName=IN12 Pin=U25-22
Added Net: Name=IN12
Added Pin To Net: NetName=IN13 Pin=P20-5
Added Pin To Net: NetName=IN13 Pin=P35-5
Added Pin To Net: NetName=IN13 Pin=U15-12
Added Pin To Net: NetName=IN13 Pin=U25-27
Added Net: Name=IN13
Added Pin To Net: NetName=IN14 Pin=P20-6
Added Pin To Net: NetName=IN14 Pin=P35-6
Added Pin To Net: NetName=IN14 Pin=U15-19
Added Pin To Net: NetName=IN14 Pin=U25-28
Added Net: Name=IN14
Added Pin To Net: NetName=IN21 Pin=P20-8
Added Pin To Net: NetName=IN21 Pin=P35-8
Added Pin To Net: NetName=IN21 Pin=U16-2
Added Pin To Net: NetName=IN21 Pin=U25-29
Added Net: Name=IN21
Added Pin To Net: NetName=IN22 Pin=P20-9
Added Pin To Net: NetName=IN22 Pin=P35-9
Added Pin To Net: NetName=IN22 Pin=U16-9
Added Pin To Net: NetName=IN22 Pin=U25-30
Added Net: Name=IN22
Added Pin To Net: NetName=IN23 Pin=P20-11
Added Pin To Net: NetName=IN23 Pin=P35-11
Added Pin To Net: NetName=IN23 Pin=U16-12
Added Pin To Net: NetName=IN23 Pin=U27-20
Added Net: Name=IN23
Added Pin To Net: NetName=IN24 Pin=P20-12
Added Pin To Net: NetName=IN24 Pin=P35-12
Added Pin To Net: NetName=IN24 Pin=U16-19
Added Pin To Net: NetName=IN24 Pin=U27-21
Added Net: Name=IN24
Added Pin To Net: NetName=IN31 Pin=P20-14
Added Pin To Net: NetName=IN31 Pin=P35-14
Added Pin To Net: NetName=IN31 Pin=U17-2
Added Pin To Net: NetName=IN31 Pin=U27-22
Added Net: Name=IN31
Added Pin To Net: NetName=IN32 Pin=P20-15
Added Pin To Net: NetName=IN32 Pin=P35-15
Added Pin To Net: NetName=IN32 Pin=U17-9
Added Pin To Net: NetName=IN32 Pin=U27-27
Added Net: Name=IN32
Added Pin To Net: NetName=IN33 Pin=P21-2
Added Pin To Net: NetName=IN33 Pin=P36-2
Added Pin To Net: NetName=IN33 Pin=U17-12
Added Pin To Net: NetName=IN33 Pin=U27-28
Added Net: Name=IN33
Added Pin To Net: NetName=IN34 Pin=P21-3
Added Pin To Net: NetName=IN34 Pin=P36-3
Added Pin To Net: NetName=IN34 Pin=U17-19
Added Pin To Net: NetName=IN34 Pin=U27-29
Added Net: Name=IN34
Added Pin To Net: NetName=IN41 Pin=P21-5
Added Pin To Net: NetName=IN41 Pin=P36-5
Added Pin To Net: NetName=IN41 Pin=U18-2
Added Pin To Net: NetName=IN41 Pin=U27-30
Added Net: Name=IN41
Added Pin To Net: NetName=IN42 Pin=P21-6
Added Pin To Net: NetName=IN42 Pin=P36-6
Added Pin To Net: NetName=IN42 Pin=U18-9
Added Pin To Net: NetName=IN42 Pin=U27-8
Added Net: Name=IN42
Added Pin To Net: NetName=IN43 Pin=P21-8
Added Pin To Net: NetName=IN43 Pin=P36-8
Added Pin To Net: NetName=IN43 Pin=U18-12
Added Pin To Net: NetName=IN43 Pin=U26-23
Added Net: Name=IN43
Added Pin To Net: NetName=IN44 Pin=P21-9
Added Pin To Net: NetName=IN44 Pin=P36-9
Added Pin To Net: NetName=IN44 Pin=U18-19
Added Pin To Net: NetName=IN44 Pin=U26-24
Added Net: Name=IN44
Added Pin To Net: NetName=IN51 Pin=P21-11
Added Pin To Net: NetName=IN51 Pin=P36-11
Added Pin To Net: NetName=IN51 Pin=U20-2
Added Pin To Net: NetName=IN51 Pin=U26-21
Added Net: Name=IN51
Added Pin To Net: NetName=IN52 Pin=P21-12
Added Pin To Net: NetName=IN52 Pin=P36-12
Added Pin To Net: NetName=IN52 Pin=U20-7
Added Pin To Net: NetName=IN52 Pin=U26-22
Added Net: Name=IN52
Added Pin To Net: NetName=IN53 Pin=P21-14
Added Pin To Net: NetName=IN53 Pin=P36-14
Added Pin To Net: NetName=IN53 Pin=U20-10
Added Pin To Net: NetName=IN53 Pin=U26-27
Added Net: Name=IN53
Added Pin To Net: NetName=IN54 Pin=P21-15
Added Pin To Net: NetName=IN54 Pin=P36-15
Added Pin To Net: NetName=IN54 Pin=U20-15
Added Pin To Net: NetName=IN54 Pin=U26-28
Added Net: Name=IN54
Added Pin To Net: NetName=MCLR 11 Pin=C40-1
Added Pin To Net: NetName=MCLR 11 Pin=S7-1
Added Pin To Net: NetName=MCLR 11 Pin=S7-1
Added Pin To Net: NetName=MCLR 11 Pin=U25-1
Added Net: Name=MCLR 11
Added Pin To Net: NetName=MCLR 21 Pin=C41-1
Added Pin To Net: NetName=MCLR 21 Pin=S8-1
Added Pin To Net: NetName=MCLR 21 Pin=S8-1
Added Pin To Net: NetName=MCLR 21 Pin=U27-1
Added Net: Name=MCLR 21
Added Pin To Net: NetName=MCLR 31 Pin=C42-1
Added Pin To Net: NetName=MCLR 31 Pin=S9-1
Added Pin To Net: NetName=MCLR 31 Pin=S9-1
Added Pin To Net: NetName=MCLR 31 Pin=U26-1
Added Net: Name=MCLR 31
Added Pin To Net: NetName=NetC14_1 Pin=C14-1
Added Pin To Net: NetName=NetC14_1 Pin=C15-2
Added Net: Name=NetC14_1
Added Pin To Net: NetName=NetC15_1 Pin=C15-1
Added Net: Name=NetC15_1
Added Pin To Net: NetName=NetC16_1 Pin=C16-1
Added Net: Name=NetC16_1
Added Pin To Net: NetName=NetC16_2 Pin=C16-2
Added Pin To Net: NetName=NetC16_2 Pin=C17-1
Added Net: Name=NetC16_2
Added Pin To Net: NetName=NetC18_1 Pin=C18-1
Added Pin To Net: NetName=NetC18_1 Pin=C19-2
Added Net: Name=NetC18_1
Added Pin To Net: NetName=NetC19_1 Pin=C19-1
Added Net: Name=NetC19_1
Added Pin To Net: NetName=NetC20_1 Pin=C20-1
Added Net: Name=NetC20_1
Added Pin To Net: NetName=NetC20_2 Pin=C20-2
Added Pin To Net: NetName=NetC20_2 Pin=C21-1
Added Net: Name=NetC20_2
Added Pin To Net: NetName=NetC22_2 Pin=C22-2
Added Net: Name=NetC22_2
Added Pin To Net: NetName=NetC23_2 Pin=C23-2
Added Net: Name=NetC23_2
Added Pin To Net: NetName=NetC24_2 Pin=C24-2
Added Net: Name=NetC24_2
Added Pin To Net: NetName=NetC25_2 Pin=C25-2
Added Net: Name=NetC25_2
Added Pin To Net: NetName=NetC26_2 Pin=C26-2
Added Net: Name=NetC26_2
Added Pin To Net: NetName=NetC27_2 Pin=C27-2
Added Net: Name=NetC27_2
Added Pin To Net: NetName=NetC28_2 Pin=C28-2
Added Net: Name=NetC28_2
Added Pin To Net: NetName=NetC29_2 Pin=C29-2
Added Net: Name=NetC29_2
Added Pin To Net: NetName=NetC30_2 Pin=C30-2
Added Pin To Net: NetName=NetC30_2 Pin=U12-8
Added Net: Name=NetC30_2
Added Pin To Net: NetName=NetC33_1 Pin=D2-1
Added Pin To Net: NetName=NetC33_1 Pin=R74-3
Added Pin To Net: NetName=NetC33_1 Pin=U13-1
Added Net: Name=NetC33_1
Added Pin To Net: NetName=NetC36_1 Pin=D4-1
Added Pin To Net: NetName=NetC36_1 Pin=R76-3
Added Pin To Net: NetName=NetC36_1 Pin=U14-1
Added Net: Name=NetC36_1
Added Net: Name=NetR1_1
Added Net: Name=NetR2_1
Added Net: Name=NetR2_2
Added Net: Name=NetR3_1
Added Net: Name=NetR3_2
Added Net: Name=NetR4_1
Added Pin To Net: NetName=NetR5_2 Pin=R10-3
Added Net: Name=NetR5_2
Added Net: Name=NetR8_1
Added Pin To Net: NetName=NetR10_2 Pin=R10-2
Added Net: Name=NetR10_2
Added Net: Name=NetR11_1
Added Net: Name=NetR13_1
Added Net: Name=NetR13_2
Added Net: Name=NetR16_1
Added Net: Name=NetR18_1
Added Net: Name=NetR20_1
Added Net: Name=NetR20_2
Added Pin To Net: NetName=NetR21_2 Pin=R24-3
Added Net: Name=NetR21_2
Added Net: Name=NetR22_1
Added Pin To Net: NetName=NetR24_2 Pin=R24-2
Added Net: Name=NetR24_2
Added Net: Name=NetR25_1
Added Net: Name=NetR25_2
Added Net: Name=NetR26_1
Added Net: Name=NetR32_1
Added Net: Name=NetR33_1
Added Net: Name=NetR34_1
Added Net: Name=NetR34_2
Added Pin To Net: NetName=NetR35_2 Pin=R39-3
Added Net: Name=NetR35_2
Added Net: Name=NetR36_1
Added Net: Name=NetR36_2
Added Net: Name=NetR37_1
Added Pin To Net: NetName=NetR39_2 Pin=R39-2
Added Net: Name=NetR39_2
Added Net: Name=NetR42_1
Added Net: Name=NetR46_1
Added Net: Name=NetR47_1
Added Net: Name=NetR48_1
Added Net: Name=NetR48_2
Added Pin To Net: NetName=NetR49_2 Pin=R52-3
Added Net: Name=NetR49_2
Added Net: Name=NetR50_1
Added Pin To Net: NetName=NetR52_2 Pin=R52-2
Added Net: Name=NetR52_2
Added Net: Name=NetR53_1
Added Pin To Net: NetName=OSC 11 Pin=C43-1
Added Pin To Net: NetName=OSC 11 Pin=U25-13
Added Pin To Net: NetName=OSC 11 Pin=Y2-1
Added Net: Name=OSC 11
Added Pin To Net: NetName=OSC 12 Pin=C44-1
Added Pin To Net: NetName=OSC 12 Pin=U25-14
Added Pin To Net: NetName=OSC 12 Pin=Y2-2
Added Net: Name=OSC 12
Added Pin To Net: NetName=OSC 21 Pin=C45-1
Added Pin To Net: NetName=OSC 21 Pin=U27-13
Added Pin To Net: NetName=OSC 21 Pin=Y3-1
Added Net: Name=OSC 21
Added Pin To Net: NetName=OSC 22 Pin=C46-1
Added Pin To Net: NetName=OSC 22 Pin=U27-14
Added Pin To Net: NetName=OSC 22 Pin=Y3-2
Added Net: Name=OSC 22
Added Pin To Net: NetName=OSC 31 Pin=C47-1
Added Pin To Net: NetName=OSC 31 Pin=U26-13
Added Pin To Net: NetName=OSC 31 Pin=Y4-1
Added Net: Name=OSC 31
Added Pin To Net: NetName=OSC 32 Pin=C48-1
Added Pin To Net: NetName=OSC 32 Pin=U26-14
Added Pin To Net: NetName=OSC 32 Pin=Y4-2
Added Net: Name=OSC 32
Added Pin To Net: NetName=OUT11 Pin=P9-2
Added Pin To Net: NetName=OUT11 Pin=U15-3
Added Net: Name=OUT11
Added Pin To Net: NetName=OUT12 Pin=P9-1
Added Pin To Net: NetName=OUT12 Pin=U15-8
Added Net: Name=OUT12
Added Pin To Net: NetName=OUT13 Pin=P10-2
Added Pin To Net: NetName=OUT13 Pin=U15-13
Added Net: Name=OUT13
Added Pin To Net: NetName=OUT14 Pin=P10-1
Added Pin To Net: NetName=OUT14 Pin=U15-18
Added Net: Name=OUT14
Added Pin To Net: NetName=OUT21 Pin=P11-2
Added Pin To Net: NetName=OUT21 Pin=U16-3
Added Net: Name=OUT21
Added Pin To Net: NetName=OUT22 Pin=P11-1
Added Pin To Net: NetName=OUT22 Pin=U16-8
Added Net: Name=OUT22
Added Pin To Net: NetName=OUT23 Pin=P12-2
Added Pin To Net: NetName=OUT23 Pin=U16-13
Added Net: Name=OUT23
Added Pin To Net: NetName=OUT24 Pin=P12-1
Added Pin To Net: NetName=OUT24 Pin=U16-18
Added Net: Name=OUT24
Added Pin To Net: NetName=OUT31 Pin=P14-2
Added Pin To Net: NetName=OUT31 Pin=U17-3
Added Net: Name=OUT31
Added Pin To Net: NetName=OUT32 Pin=P14-1
Added Pin To Net: NetName=OUT32 Pin=U17-8
Added Net: Name=OUT32
Added Pin To Net: NetName=OUT33 Pin=P15-2
Added Pin To Net: NetName=OUT33 Pin=U17-13
Added Net: Name=OUT33
Added Pin To Net: NetName=OUT34 Pin=P15-1
Added Pin To Net: NetName=OUT34 Pin=U17-18
Added Net: Name=OUT34
Added Pin To Net: NetName=OUT41 Pin=P16-2
Added Pin To Net: NetName=OUT41 Pin=U18-3
Added Net: Name=OUT41
Added Pin To Net: NetName=OUT42 Pin=P16-1
Added Pin To Net: NetName=OUT42 Pin=U18-8
Added Net: Name=OUT42
Added Pin To Net: NetName=OUT43 Pin=P17-2
Added Pin To Net: NetName=OUT43 Pin=U18-13
Added Net: Name=OUT43
Added Pin To Net: NetName=OUT44 Pin=P17-1
Added Pin To Net: NetName=OUT44 Pin=U18-18
Added Net: Name=OUT44
Added Pin To Net: NetName=OUT51 Pin=D5-1
Added Pin To Net: NetName=OUT51 Pin=D7-2
Added Pin To Net: NetName=OUT51 Pin=P18-2
Added Pin To Net: NetName=OUT51 Pin=U20-3
Added Net: Name=OUT51
Added Pin To Net: NetName=OUT52 Pin=D6-1
Added Pin To Net: NetName=OUT52 Pin=D8-2
Added Pin To Net: NetName=OUT52 Pin=P18-1
Added Pin To Net: NetName=OUT52 Pin=U20-6
Added Net: Name=OUT52
Added Pin To Net: NetName=OUT53 Pin=D9-1
Added Pin To Net: NetName=OUT53 Pin=D11-2
Added Pin To Net: NetName=OUT53 Pin=P19-2
Added Pin To Net: NetName=OUT53 Pin=U20-11
Added Net: Name=OUT53
Added Pin To Net: NetName=OUT54 Pin=D10-1
Added Pin To Net: NetName=OUT54 Pin=D12-2
Added Pin To Net: NetName=OUT54 Pin=P19-1
Added Pin To Net: NetName=OUT54 Pin=U20-14
Added Net: Name=OUT54
Added Net: Name=PAMP1
Added Net: Name=PAMP2
Added Net: Name=PAMP3
Added Net: Name=PAMP4
Added Pin To Net: NetName=PB1 Pin=P30-2
Added Pin To Net: NetName=PB1 Pin=U25-36
Added Net: Name=PB1
Added Pin To Net: NetName=PB2 Pin=P30-3
Added Pin To Net: NetName=PB2 Pin=U25-37
Added Net: Name=PB2
Added Pin To Net: NetName=PB3 Pin=P30-4
Added Pin To Net: NetName=PB3 Pin=U25-38
Added Net: Name=PB3
Added Pin To Net: NetName=PB4 Pin=P30-5
Added Pin To Net: NetName=PB4 Pin=U25-39
Added Net: Name=PB4
Added Pin To Net: NetName=PB5 Pin=P30-6
Added Pin To Net: NetName=PB5 Pin=U25-40
Added Net: Name=PB5
Added Pin To Net: NetName=PB6 Pin=P30-7
Added Pin To Net: NetName=PB6 Pin=U27-33
Added Net: Name=PB6
Added Pin To Net: NetName=PB7 Pin=P30-8
Added Pin To Net: NetName=PB7 Pin=U27-34
Added Net: Name=PB7
Added Pin To Net: NetName=PB8 Pin=P30-9
Added Pin To Net: NetName=PB8 Pin=U27-35
Added Net: Name=PB8
Added Pin To Net: NetName=PB9 Pin=P30-10
Added Pin To Net: NetName=PB9 Pin=U27-36
Added Net: Name=PB9
Added Pin To Net: NetName=PB10 Pin=P30-11
Added Pin To Net: NetName=PB10 Pin=U26-38
Added Net: Name=PB10
Added Pin To Net: NetName=PB12 Pin=P26-2
Added Net: Name=PB12
Added Pin To Net: NetName=PB22 Pin=P26-4
Added Net: Name=PB22
Added Pin To Net: NetName=PB32 Pin=P26-6
Added Net: Name=PB32
Added Pin To Net: NetName=PB42 Pin=P26-8
Added Net: Name=PB42
Added Pin To Net: NetName=PB52 Pin=P26-10
Added Net: Name=PB52
Added Pin To Net: NetName=PB62 Pin=P26-12
Added Net: Name=PB62
Added Pin To Net: NetName=PB72 Pin=P26-14
Added Net: Name=PB72
Added Pin To Net: NetName=PB82 Pin=P26-16
Added Net: Name=PB82
Added Pin To Net: NetName=PB92 Pin=P26-18
Added Net: Name=PB92
Added Pin To Net: NetName=PB102 Pin=P26-20
Added Net: Name=PB102
Added Pin To Net: NetName=PBOUT1 Pin=P38-2
Added Net: Name=PBOUT1
Added Pin To Net: NetName=PBOUT2 Pin=P38-3
Added Net: Name=PBOUT2
Added Pin To Net: NetName=PBOUT3 Pin=P38-4
Added Net: Name=PBOUT3
Added Pin To Net: NetName=PBOUT4 Pin=P38-5
Added Net: Name=PBOUT4
Added Pin To Net: NetName=PBOUT5 Pin=P38-6
Added Net: Name=PBOUT5
Added Pin To Net: NetName=PBOUT6 Pin=P38-7
Added Net: Name=PBOUT6
Added Pin To Net: NetName=PBOUT7 Pin=P38-8
Added Net: Name=PBOUT7
Added Pin To Net: NetName=PBOUT8 Pin=P38-9
Added Net: Name=PBOUT8
Added Pin To Net: NetName=PBOUT9 Pin=P38-10
Added Net: Name=PBOUT9
Added Pin To Net: NetName=PBOUT10 Pin=P38-11
Added Net: Name=PBOUT10
Added Pin To Net: NetName=PIC11 Pin=U25-8
Added Pin To Net: NetName=PIC11 Pin=U27-6
Added Net: Name=PIC11
Added Pin To Net: NetName=PIC12 Pin=U25-9
Added Pin To Net: NetName=PIC12 Pin=U27-7
Added Net: Name=PIC12
Added Pin To Net: NetName=PIC21 Pin=U26-25
Added Pin To Net: NetName=PIC21 Pin=U27-9
Added Net: Name=PIC21
Added Pin To Net: NetName=PIC22 Pin=U26-26
Added Pin To Net: NetName=PIC22 Pin=U27-10
Added Net: Name=PIC22
Added Pin To Net: NetName=RA0 Pin=P32-1
Added Pin To Net: NetName=RA0 Pin=U26-2
Added Net: Name=RA0
Added Pin To Net: NetName=RA1 Pin=P32-2
Added Pin To Net: NetName=RA1 Pin=U26-3
Added Net: Name=RA1
Added Pin To Net: NetName=RA2 Pin=P32-3
Added Pin To Net: NetName=RA2 Pin=U26-4
Added Net: Name=RA2
Added Pin To Net: NetName=RA3 Pin=P32-4
Added Pin To Net: NetName=RA3 Pin=U26-5
Added Net: Name=RA3
Added Pin To Net: NetName=RA4 Pin=P32-5
Added Pin To Net: NetName=RA4 Pin=U26-6
Added Net: Name=RA4
Added Pin To Net: NetName=RA5 Pin=P32-6
Added Pin To Net: NetName=RA5 Pin=U26-7
Added Net: Name=RA5
Added Pin To Net: NetName=RB0 Pin=P33-1
Added Pin To Net: NetName=RB0 Pin=U26-33
Added Net: Name=RB0
Added Pin To Net: NetName=RB1 Pin=P33-2
Added Pin To Net: NetName=RB1 Pin=U26-34
Added Net: Name=RB1
Added Pin To Net: NetName=RB2 Pin=P33-3
Added Pin To Net: NetName=RB2 Pin=U26-35
Added Net: Name=RB2
Added Pin To Net: NetName=RB3 Pin=P33-4
Added Pin To Net: NetName=RB3 Pin=U26-36
Added Net: Name=RB3
Added Pin To Net: NetName=RB4 Pin=P33-5
Added Pin To Net: NetName=RB4 Pin=U26-37
Added Net: Name=RB4
Added Pin To Net: NetName=RC1 Pin=P34-1
Added Pin To Net: NetName=RC1 Pin=U26-16
Added Net: Name=RC1
Added Pin To Net: NetName=RC2 Pin=P34-2
Added Pin To Net: NetName=RC2 Pin=U26-17
Added Net: Name=RC2
Added Pin To Net: NetName=RD6 Pin=P34-3
Added Pin To Net: NetName=RD6 Pin=U26-29
Added Net: Name=RD6
Added Pin To Net: NetName=RD7 Pin=P34-4
Added Pin To Net: NetName=RD7 Pin=U26-30
Added Net: Name=RD7
Added Pin To Net: NetName=VM+ Pin=D1-1
Added Pin To Net: NetName=VM+ Pin=D2-2
Added Pin To Net: NetName=VM+ Pin=P6-5
Added Pin To Net: NetName=VM+ Pin=P8-2
Added Pin To Net: NetName=VM+ Pin=U13-4
Added Pin To Net: NetName=VM+ Pin=U15-10
Added Pin To Net: NetName=VM+ Pin=U16-10
Added Pin To Net: NetName=VM+ Pin=U17-10
Added Pin To Net: NetName=VM+ Pin=U18-10
Added Net: Name=VM+
Added Pin To Net: NetName=VOFSR1 Pin=P25-2
Added Pin To Net: NetName=VOFSR1 Pin=U21-1
Added Pin To Net: NetName=VOFSR1 Pin=U21-3
Added Net: Name=VOFSR1
Added Pin To Net: NetName=VOFSR2 Pin=P25-3
Added Pin To Net: NetName=VOFSR2 Pin=U21-5
Added Pin To Net: NetName=VOFSR2 Pin=U21-7
Added Net: Name=VOFSR2
Added Pin To Net: NetName=VOFSR3 Pin=P25-4
Added Pin To Net: NetName=VOFSR3 Pin=U21-8
Added Pin To Net: NetName=VOFSR3 Pin=U21-10
Added Net: Name=VOFSR3
Added Pin To Net: NetName=VOFSR4 Pin=P25-5
Added Pin To Net: NetName=VOFSR4 Pin=U21-12
Added Pin To Net: NetName=VOFSR4 Pin=U21-14
Added Net: Name=VOFSR4
Added Pin To Net: NetName=VOFSR5 Pin=P25-6
Added Pin To Net: NetName=VOFSR5 Pin=U22-1
Added Pin To Net: NetName=VOFSR5 Pin=U22-3
Added Net: Name=VOFSR5
Added Pin To Net: NetName=VOFSR6 Pin=P25-7
Added Pin To Net: NetName=VOFSR6 Pin=U22-5
Added Pin To Net: NetName=VOFSR6 Pin=U22-7
Added Net: Name=VOFSR6
Added Pin To Net: NetName=VOFSR7 Pin=P25-8
Added Pin To Net: NetName=VOFSR7 Pin=U22-8
Added Pin To Net: NetName=VOFSR7 Pin=U22-10
Added Net: Name=VOFSR7
Added Pin To Net: NetName=VOFSR8 Pin=P25-9
Added Pin To Net: NetName=VOFSR8 Pin=U22-12
Added Pin To Net: NetName=VOFSR8 Pin=U22-14
Added Net: Name=VOFSR8
Added Net: Name=VOUTHPFLT1
Added Net: Name=VOUTHPFLT2
Added Net: Name=VOUTHPFLT3
Added Net: Name=VOUTHPFLT4
Added Pin To Net: NetName=VOUTLPFLT1 Pin=C26-1
Added Net: Name=VOUTLPFLT1
Added Pin To Net: NetName=VOUTLPFLT2 Pin=C28-1
Added Net: Name=VOUTLPFLT2
Added Pin To Net: NetName=VOUTLPFLT3 Pin=C27-1
Added Net: Name=VOUTLPFLT3
Added Pin To Net: NetName=VOUTLPFLT4 Pin=C29-1
Added Net: Name=VOUTLPFLT4
Added Pin To Net: NetName=VOUTPAM1 Pin=C14-2
Added Net: Name=VOUTPAM1
Added Pin To Net: NetName=VOUTPAM2 Pin=C17-2
Added Net: Name=VOUTPAM2
Added Pin To Net: NetName=VOUTPAM3 Pin=C18-2
Added Net: Name=VOUTPAM3
Added Pin To Net: NetName=VOUTPAM4 Pin=C21-2
Added Net: Name=VOUTPAM4
Added Pin To Net: NetName=VREF2.5 Pin=C13-1
Added Net: Name=VREF2.5
Added Pin To Net: NetName=VSTP+ Pin=D3-1
Added Pin To Net: NetName=VSTP+ Pin=D4-2
Added Pin To Net: NetName=VSTP+ Pin=D5-2
Added Pin To Net: NetName=VSTP+ Pin=D6-2
Added Pin To Net: NetName=VSTP+ Pin=D9-2
Added Pin To Net: NetName=VSTP+ Pin=D10-2
Added Pin To Net: NetName=VSTP+ Pin=P6-7
Added Pin To Net: NetName=VSTP+ Pin=P13-2
Added Pin To Net: NetName=VSTP+ Pin=U14-4
Added Pin To Net: NetName=VSTP+ Pin=U20-8
Added Net: Name=VSTP+
Added Class: Name=EmgAcq
Added Class: Name=Hand Sensors
Added Class: Name=MCUPro
Added Class: Name=MDrive
Added Class: Name=PowerScr
Added Room: Name=EmgAcq
Added Room: Name=Hand Sensors
Added Room: Name=MCUPro
Added Room: Name=MDrive
Added Room: Name=PowerScr
