Remove Pin=C14-2 From Net=VOUTPAM1
Remove Pin=C17-2 From Net=VOUTPAM2
Remove Pin=C18-2 From Net=VOUTPAM3
Remove Pin=C21-2 From Net=VOUTPAM4
Remove Pin=P1-2 From Net=V-
Remove Pin=P1-3 From Net=V+
Remove Pin=P2-1 From Net=EMCH1SH
Remove Pin=P2-2 From Net=EMCH101
Remove Pin=P2-3 From Net=EMCH102
Remove Pin=P2-4 From Net=EMCH1RLD
Remove Pin=P2-5 From Net=EMCH2SH
Remove Pin=P2-6 From Net=EMCH201
Remove Pin=P2-7 From Net=EMCH202
Remove Pin=P2-8 From Net=EMCH2RLD
Remove Pin=P3-1 From Net=EMCH3SH
Remove Pin=P3-2 From Net=EMCH301
Remove Pin=P3-3 From Net=EMCH302
Remove Pin=P3-4 From Net=EMCH3RLD
Remove Pin=P3-5 From Net=EMCH4SH
Remove Pin=P3-6 From Net=EMCH401
Remove Pin=P3-7 From Net=EMCH402
Remove Pin=P3-8 From Net=EMCH4RLD
Remove Pin=P4-1 From Net=VGND
Remove Pin=P4-2 From Net=EMGCH1
Remove Pin=P4-3 From Net=EMGCH2
Remove Pin=P4-5 From Net=EMGCH4
Remove Pin=P4-6 From Net=EMGCH3
Remove Pin=R7-2 From Net=EMCH1RLD
Remove Pin=R8-2 From Net=VOUTLPFLT1
Remove Pin=R9-2 From Net=EMGCH1
Remove Pin=R12-1 From Net=VREF2.5
Remove Pin=R19-2 From Net=EMCH2RLD
Remove Pin=R22-2 From Net=VOUTLPFLT2
Remove Pin=R23-2 From Net=EMGCH2
Remove Pin=R27-1 From Net=VREF2.5
Remove Pin=R31-2 From Net=EMCH3RLD
Remove Pin=R37-2 From Net=VOUTLPFLT3
Remove Pin=R38-2 From Net=EMGCH3
Remove Pin=R41-2 From Net=EMCH4RLD
Remove Pin=R43-1 From Net=VREF2.5
Remove Pin=R50-2 From Net=VOUTLPFLT4
Remove Pin=R51-2 From Net=EMGCH4
Remove Pin=R54-1 From Net=VREF2.5
Remove Pin=R65-2 From Net=VOUTHPFLT1
Remove Pin=R68-2 From Net=VOUTHPFLT2
Remove Pin=R69-2 From Net=VOUTHPFLT3
Remove Pin=R72-2 From Net=VOUTHPFLT4
Remove Pin=U1-6 From Net=VOUTPAM1
Remove Pin=U2A-3 From Net=PAMP1
Remove Pin=U2-4 From Net=V+
Remove Pin=U2-13 From Net=V-
Remove Pin=U3-6 From Net=VOUTPAM2
Remove Pin=U4A-3 From Net=PAMP2
Remove Pin=U4-4 From Net=V+
Remove Pin=U4-13 From Net=V-
Remove Pin=U5A-3 From Net=PAMP3
Remove Pin=U5-4 From Net=V+
Remove Pin=U5-13 From Net=V-
Remove Pin=U6-6 From Net=VOUTPAM3
Remove Pin=U7A-3 From Net=PAMP4
Remove Pin=U7-4 From Net=V+
Remove Pin=U7-13 From Net=V-
Remove Pin=U8-6 From Net=VOUTPAM4
Remove Pin=U9-4 From Net=V+
Remove Pin=U9-11 From Net=V-
Remove Pin=U10-4 From Net=V+
Remove Pin=U10-11 From Net=V-
Remove Pin=U11-4 From Net=V+
