Added Component: Designator=C1(C1206)
Added Component: Designator=C2(C1206)
Added Component: Designator=C3(C1206)
Added Component: Designator=C4(C1206)
Added Component: Designator=C5(C1206)
Added Component: Designator=C6(C1206)
Added Component: Designator=C7(C1206)
Added Component: Designator=C8(C1206)
Added Component: Designator=C9(C1206)
Added Component: Designator=C10(C1206)
Added Component: Designator=C11(C1206)
Added Component: Designator=C12(C1206)
Added Component: Designator=C13(CAPC2012M)
Added Component: Designator=C14(C1206)
Added Component: Designator=C15(1608[0603])
Added Component: Designator=C16(1608[0603])
Added Component: Designator=C17(C1206)
Added Component: Designator=C18(C1206)
Added Component: Designator=C19(1608[0603])
Added Component: Designator=C20(1608[0603])
Added Component: Designator=C21(C1206)
Added Component: Designator=C22(C1206)
Added Component: Designator=C23(C1206)
Added Component: Designator=C24(C1206)
Added Component: Designator=C25(C1206)
Added Component: Designator=C26(1608[0603])
Added Component: Designator=C27(1608[0603])
Added Component: Designator=C28(1608[0603])
Added Component: Designator=C29(1608[0603])
Added Component: Designator=P1(AZUL5-3)
Added Component: Designator=P2(AZUL5-8)
Added Component: Designator=P3(AZUL5-8)
Added Component: Designator=P4(SHBH 2x3)
Added Component: Designator=R1(RESC3225M)
Added Component: Designator=R2(RESC3225M)
Added Component: Designator=R3(RESC3225M)
Added Component: Designator=R4(RESC3225M)
Added Component: Designator=R5(RESC3225M)
Added Component: Designator=R6(RESC3225M)
Added Component: Designator=R7(RESC3225M)
Added Component: Designator=R8(RESC3225M)
Added Component: Designator=R9(RESC3225M)
Added Component: Designator=R10(3361P)
Added Component: Designator=R11(RESC3225M)
Added Component: Designator=R12(RESC3225M)
Added Component: Designator=R13(RESC3225M)
Added Component: Designator=R14(RESC3225M)
Added Component: Designator=R15(RESC3225M)
Added Component: Designator=R16(RESC3225M)
Added Component: Designator=R17(RESC3225M)
Added Component: Designator=R18(RESC3225M)
Added Component: Designator=R19(RESC3225M)
Added Component: Designator=R20(RESC3225M)
Added Component: Designator=R21(RESC3225M)
Added Component: Designator=R22(RESC3225M)
Added Component: Designator=R23(RESC3225M)
Added Component: Designator=R24(3361P)
Added Component: Designator=R25(RESC3225M)
Added Component: Designator=R26(RESC3225M)
Added Component: Designator=R27(RESC3225M)
Added Component: Designator=R28(RESC3225M)
Added Component: Designator=R29(RESC3225M)
Added Component: Designator=R30(RESC3225M)
Added Component: Designator=R31(RESC3225M)
Added Component: Designator=R32(RESC3225M)
Added Component: Designator=R33(RESC3225M)
Added Component: Designator=R34(RESC3225M)
Added Component: Designator=R35(RESC3225M)
Added Component: Designator=R36(RESC3225M)
Added Component: Designator=R37(RESC3225M)
Added Component: Designator=R38(RESC3225M)
Added Component: Designator=R39(3361P)
Added Component: Designator=R40(RESC3225M)
Added Component: Designator=R41(RESC3225M)
Added Component: Designator=R42(RESC3225M)
Added Component: Designator=R43(RESC3225M)
Added Component: Designator=R44(RESC3225M)
Added Component: Designator=R45(RESC3225M)
Added Component: Designator=R46(RESC3225M)
Added Component: Designator=R47(RESC3225M)
Added Component: Designator=R48(RESC3225M)
Added Component: Designator=R49(RESC3225M)
Added Component: Designator=R50(RESC3225M)
Added Component: Designator=R51(RESC3225M)
Added Component: Designator=R52(3361P)
Added Component: Designator=R53(RESC3225M)
Added Component: Designator=R54(RESC3225M)
Added Component: Designator=R55(RESC3225M)
Added Component: Designator=R56(RESC3225M)
Added Component: Designator=R57(RESC3225M)
Added Component: Designator=R58(RESC3225M)
Added Component: Designator=R59(RESC3225M)
Added Component: Designator=R60(RESC3225M)
Added Component: Designator=R61(RESC3225M)
Added Component: Designator=R62(RESC3225M)
Added Component: Designator=R63(RESC3225M)
Added Component: Designator=R64(RESC3225M)
Added Component: Designator=R65(RESC3225M)
Added Component: Designator=R66(RESC3225M)
Added Component: Designator=R67(RESC3225M)
Added Component: Designator=R68(RESC3225M)
Added Component: Designator=R69(RESC3225M)
Added Component: Designator=R70(RESC3225M)
Added Component: Designator=R71(RESC3225M)
Added Component: Designator=R72(RESC3225M)
Added Component: Designator=U1(182H_N)
Added Component: Designator=U2(211F_N)
Added Component: Designator=U3(182H_N)
Added Component: Designator=U4(211F_N)
Added Component: Designator=U5(211F_N)
Added Component: Designator=U6(182H_N)
Added Component: Designator=U7(211F_N)
Added Component: Designator=U8(182H_N)
Added Component: Designator=U9(SOIC127P600-14M)
Added Component: Designator=U10(SOIC127P600-14M)
Added Component: Designator=U11(SOT353-5L)
Added Pin To Net: NetName=EMCH1RLD Pin=P2-4
Added Net: Name=EMCH1RLD
Added Pin To Net: NetName=EMCH1SH Pin=P2-1
Added Pin To Net: NetName=EMCH1SH Pin=R6-1
Added Pin To Net: NetName=EMCH1SH Pin=U2-1
Added Pin To Net: NetName=EMCH1SH Pin=U2-2
Added Net: Name=EMCH1SH
Added Pin To Net: NetName=EMCH2RLD Pin=P2-8
Added Net: Name=EMCH2RLD
Added Pin To Net: NetName=EMCH2SH Pin=P2-5
Added Pin To Net: NetName=EMCH2SH Pin=R17-1
Added Pin To Net: NetName=EMCH2SH Pin=U4-1
Added Pin To Net: NetName=EMCH2SH Pin=U4-2
Added Net: Name=EMCH2SH
Added Pin To Net: NetName=EMCH3RLD Pin=P3-4
Added Net: Name=EMCH3RLD
Added Pin To Net: NetName=EMCH3SH Pin=P3-1
Added Pin To Net: NetName=EMCH3SH Pin=R30-1
Added Pin To Net: NetName=EMCH3SH Pin=U5-1
Added Pin To Net: NetName=EMCH3SH Pin=U5-2
Added Net: Name=EMCH3SH
Added Pin To Net: NetName=EMCH4RLD Pin=P3-8
Added Net: Name=EMCH4RLD
Added Pin To Net: NetName=EMCH4SH Pin=P3-5
Added Pin To Net: NetName=EMCH4SH Pin=R40-1
Added Pin To Net: NetName=EMCH4SH Pin=U7-1
Added Pin To Net: NetName=EMCH4SH Pin=U7-2
Added Net: Name=EMCH4SH
Added Pin To Net: NetName=EMCH101 Pin=C2-2
Added Pin To Net: NetName=EMCH101 Pin=P2-2
Added Pin To Net: NetName=EMCH101 Pin=U1-2
Added Net: Name=EMCH101
Added Pin To Net: NetName=EMCH102 Pin=C2-1
Added Pin To Net: NetName=EMCH102 Pin=P2-3
Added Pin To Net: NetName=EMCH102 Pin=U1-3
Added Net: Name=EMCH102
Added Pin To Net: NetName=EMCH201 Pin=C5-2
Added Pin To Net: NetName=EMCH201 Pin=P2-6
Added Pin To Net: NetName=EMCH201 Pin=U3-2
Added Net: Name=EMCH201
Added Pin To Net: NetName=EMCH202 Pin=C5-1
Added Pin To Net: NetName=EMCH202 Pin=P2-7
Added Pin To Net: NetName=EMCH202 Pin=U3-3
Added Net: Name=EMCH202
Added Pin To Net: NetName=EMCH301 Pin=C8-2
Added Pin To Net: NetName=EMCH301 Pin=P3-2
Added Pin To Net: NetName=EMCH301 Pin=U6-2
Added Net: Name=EMCH301
Added Pin To Net: NetName=EMCH302 Pin=C8-1
Added Pin To Net: NetName=EMCH302 Pin=P3-3
Added Pin To Net: NetName=EMCH302 Pin=U6-3
Added Net: Name=EMCH302
Added Pin To Net: NetName=EMCH401 Pin=C11-2
Added Pin To Net: NetName=EMCH401 Pin=P3-6
Added Pin To Net: NetName=EMCH401 Pin=U8-2
Added Net: Name=EMCH401
Added Pin To Net: NetName=EMCH402 Pin=C11-1
Added Pin To Net: NetName=EMCH402 Pin=P3-7
Added Pin To Net: NetName=EMCH402 Pin=U8-3
Added Net: Name=EMCH402
Added Pin To Net: NetName=EMGCH1 Pin=P4-2
Added Net: Name=EMGCH1
Added Pin To Net: NetName=EMGCH2 Pin=P4-3
Added Net: Name=EMGCH2
Added Pin To Net: NetName=EMGCH3 Pin=P4-6
Added Net: Name=EMGCH3
Added Pin To Net: NetName=EMGCH4 Pin=P4-5
Added Net: Name=EMGCH4
Added Pin To Net: NetName=NetC14_1 Pin=C14-1
Added Pin To Net: NetName=NetC14_1 Pin=C15-2
Added Pin To Net: NetName=NetC14_1 Pin=R57-1
Added Net: Name=NetC14_1
Added Pin To Net: NetName=NetC15_1 Pin=C15-1
Added Pin To Net: NetName=NetC15_1 Pin=R61-1
Added Pin To Net: NetName=NetC15_1 Pin=U9-3
Added Net: Name=NetC15_1
Added Pin To Net: NetName=NetC16_1 Pin=C16-1
Added Pin To Net: NetName=NetC16_1 Pin=R62-1
Added Pin To Net: NetName=NetC16_1 Pin=U9-12
Added Net: Name=NetC16_1
Added Pin To Net: NetName=NetC16_2 Pin=C16-2
Added Pin To Net: NetName=NetC16_2 Pin=C17-1
Added Pin To Net: NetName=NetC16_2 Pin=R58-1
Added Net: Name=NetC16_2
Added Pin To Net: NetName=NetC18_1 Pin=C18-1
Added Pin To Net: NetName=NetC18_1 Pin=C19-2
Added Pin To Net: NetName=NetC18_1 Pin=R59-1
Added Net: Name=NetC18_1
Added Pin To Net: NetName=NetC19_1 Pin=C19-1
Added Pin To Net: NetName=NetC19_1 Pin=R63-1
Added Pin To Net: NetName=NetC19_1 Pin=U10-3
Added Net: Name=NetC19_1
Added Pin To Net: NetName=NetC20_1 Pin=C20-1
Added Pin To Net: NetName=NetC20_1 Pin=R64-1
Added Pin To Net: NetName=NetC20_1 Pin=U10-12
Added Net: Name=NetC20_1
Added Pin To Net: NetName=NetC20_2 Pin=C20-2
Added Pin To Net: NetName=NetC20_2 Pin=C21-1
Added Pin To Net: NetName=NetC20_2 Pin=R60-1
Added Net: Name=NetC20_2
Added Pin To Net: NetName=NetC22_2 Pin=C22-2
Added Pin To Net: NetName=NetC22_2 Pin=R66-1
Added Pin To Net: NetName=NetC22_2 Pin=U9-5
Added Net: Name=NetC22_2
Added Pin To Net: NetName=NetC23_2 Pin=C23-2
Added Pin To Net: NetName=NetC23_2 Pin=R67-1
Added Pin To Net: NetName=NetC23_2 Pin=U9-10
Added Net: Name=NetC23_2
Added Pin To Net: NetName=NetC24_2 Pin=C24-2
Added Pin To Net: NetName=NetC24_2 Pin=R70-1
Added Pin To Net: NetName=NetC24_2 Pin=U10-5
Added Net: Name=NetC24_2
Added Pin To Net: NetName=NetC25_2 Pin=C25-2
Added Pin To Net: NetName=NetC25_2 Pin=R71-1
Added Pin To Net: NetName=NetC25_2 Pin=U10-10
Added Net: Name=NetC25_2
Added Pin To Net: NetName=NetC26_2 Pin=C26-2
Added Pin To Net: NetName=NetC26_2 Pin=R65-1
Added Pin To Net: NetName=NetC26_2 Pin=R66-2
Added Net: Name=NetC26_2
Added Pin To Net: NetName=NetC27_2 Pin=C27-2
Added Pin To Net: NetName=NetC27_2 Pin=R69-1
Added Pin To Net: NetName=NetC27_2 Pin=R70-2
Added Net: Name=NetC27_2
Added Pin To Net: NetName=NetC28_2 Pin=C28-2
Added Pin To Net: NetName=NetC28_2 Pin=R67-2
Added Pin To Net: NetName=NetC28_2 Pin=R68-1
Added Net: Name=NetC28_2
Added Pin To Net: NetName=NetC29_2 Pin=C29-2
Added Pin To Net: NetName=NetC29_2 Pin=R71-2
Added Pin To Net: NetName=NetC29_2 Pin=R72-1
Added Net: Name=NetC29_2
Added Pin To Net: NetName=NetR1_1 Pin=R1-1
Added Pin To Net: NetName=NetR1_1 Pin=U1-1
Added Net: Name=NetR1_1
Added Pin To Net: NetName=NetR2_1 Pin=R2-1
Added Pin To Net: NetName=NetR2_1 Pin=R6-2
Added Pin To Net: NetName=NetR2_1 Pin=U2-6
Added Net: Name=NetR2_1
Added Pin To Net: NetName=NetR2_2 Pin=R2-2
Added Pin To Net: NetName=NetR2_2 Pin=R7-1
Added Pin To Net: NetName=NetR2_2 Pin=U2-7
Added Net: Name=NetR2_2
Added Pin To Net: NetName=NetR3_1 Pin=R3-1
Added Pin To Net: NetName=NetR3_1 Pin=R15-2
Added Pin To Net: NetName=NetR3_1 Pin=U2-15
Added Net: Name=NetR3_1
Added Pin To Net: NetName=NetR3_2 Pin=R3-2
Added Pin To Net: NetName=NetR3_2 Pin=R9-1
Added Pin To Net: NetName=NetR3_2 Pin=U2-16
Added Net: Name=NetR3_2
Added Pin To Net: NetName=NetR4_1 Pin=R4-1
Added Pin To Net: NetName=NetR4_1 Pin=U1-8
Added Net: Name=NetR4_1
Added Pin To Net: NetName=NetR5_2 Pin=R5-2
Added Pin To Net: NetName=NetR5_2 Pin=R10-3
Added Pin To Net: NetName=NetR5_2 Pin=U2-11
Added Net: Name=NetR5_2
Added Pin To Net: NetName=NetR8_1 Pin=R8-1
Added Pin To Net: NetName=NetR8_1 Pin=U2-12
Added Net: Name=NetR8_1
Added Pin To Net: NetName=NetR10_2 Pin=R10-2
Added Pin To Net: NetName=NetR10_2 Pin=R14-2
Added Pin To Net: NetName=NetR10_2 Pin=R15-1
Added Pin To Net: NetName=NetR10_2 Pin=U2-10
Added Net: Name=NetR10_2
Added Pin To Net: NetName=NetR11_1 Pin=R11-1
Added Pin To Net: NetName=NetR11_1 Pin=R12-2
Added Pin To Net: NetName=NetR11_1 Pin=U2-14
Added Net: Name=NetR11_1
Added Pin To Net: NetName=NetR13_1 Pin=R13-1
Added Pin To Net: NetName=NetR13_1 Pin=R17-2
Added Pin To Net: NetName=NetR13_1 Pin=U4-6
Added Net: Name=NetR13_1
Added Pin To Net: NetName=NetR13_2 Pin=R13-2
Added Pin To Net: NetName=NetR13_2 Pin=R19-1
Added Pin To Net: NetName=NetR13_2 Pin=U4-7
Added Net: Name=NetR13_2
Added Pin To Net: NetName=NetR16_1 Pin=R16-1
Added Pin To Net: NetName=NetR16_1 Pin=U3-1
Added Net: Name=NetR16_1
Added Pin To Net: NetName=NetR18_1 Pin=R18-1
Added Pin To Net: NetName=NetR18_1 Pin=U3-8
Added Net: Name=NetR18_1
Added Pin To Net: NetName=NetR20_1 Pin=R20-1
Added Pin To Net: NetName=NetR20_1 Pin=R29-2
Added Pin To Net: NetName=NetR20_1 Pin=U4-15
Added Net: Name=NetR20_1
Added Pin To Net: NetName=NetR20_2 Pin=R20-2
Added Pin To Net: NetName=NetR20_2 Pin=R23-1
Added Pin To Net: NetName=NetR20_2 Pin=U4-16
Added Net: Name=NetR20_2
Added Pin To Net: NetName=NetR21_2 Pin=R21-2
Added Pin To Net: NetName=NetR21_2 Pin=R24-3
Added Pin To Net: NetName=NetR21_2 Pin=U4-11
Added Net: Name=NetR21_2
Added Pin To Net: NetName=NetR22_1 Pin=R22-1
Added Pin To Net: NetName=NetR22_1 Pin=U4-12
Added Net: Name=NetR22_1
Added Pin To Net: NetName=NetR24_2 Pin=R24-2
Added Pin To Net: NetName=NetR24_2 Pin=R28-2
Added Pin To Net: NetName=NetR24_2 Pin=R29-1
Added Pin To Net: NetName=NetR24_2 Pin=U4-10
Added Net: Name=NetR24_2
Added Pin To Net: NetName=NetR25_1 Pin=R25-1
Added Pin To Net: NetName=NetR25_1 Pin=R30-2
Added Pin To Net: NetName=NetR25_1 Pin=U5-6
Added Net: Name=NetR25_1
Added Pin To Net: NetName=NetR25_2 Pin=R25-2
Added Pin To Net: NetName=NetR25_2 Pin=R31-1
Added Pin To Net: NetName=NetR25_2 Pin=U5-7
Added Net: Name=NetR25_2
Added Pin To Net: NetName=NetR26_1 Pin=R26-1
Added Pin To Net: NetName=NetR26_1 Pin=R27-2
Added Pin To Net: NetName=NetR26_1 Pin=U4-14
Added Net: Name=NetR26_1
Added Pin To Net: NetName=NetR32_1 Pin=R32-1
Added Pin To Net: NetName=NetR32_1 Pin=U6-1
Added Net: Name=NetR32_1
Added Pin To Net: NetName=NetR33_1 Pin=R33-1
Added Pin To Net: NetName=NetR33_1 Pin=U6-8
Added Net: Name=NetR33_1
Added Pin To Net: NetName=NetR34_1 Pin=R34-1
Added Pin To Net: NetName=NetR34_1 Pin=R45-2
Added Pin To Net: NetName=NetR34_1 Pin=U5-15
Added Net: Name=NetR34_1
Added Pin To Net: NetName=NetR34_2 Pin=R34-2
Added Pin To Net: NetName=NetR34_2 Pin=R38-1
Added Pin To Net: NetName=NetR34_2 Pin=U5-16
Added Net: Name=NetR34_2
Added Pin To Net: NetName=NetR35_2 Pin=R35-2
Added Pin To Net: NetName=NetR35_2 Pin=R39-3
Added Pin To Net: NetName=NetR35_2 Pin=U5-11
Added Net: Name=NetR35_2
Added Pin To Net: NetName=NetR36_1 Pin=R36-1
Added Pin To Net: NetName=NetR36_1 Pin=R40-2
Added Pin To Net: NetName=NetR36_1 Pin=U7-6
Added Net: Name=NetR36_1
Added Pin To Net: NetName=NetR36_2 Pin=R36-2
Added Pin To Net: NetName=NetR36_2 Pin=R41-1
Added Pin To Net: NetName=NetR36_2 Pin=U7-7
Added Net: Name=NetR36_2
Added Pin To Net: NetName=NetR37_1 Pin=R37-1
Added Pin To Net: NetName=NetR37_1 Pin=U5-12
Added Net: Name=NetR37_1
Added Pin To Net: NetName=NetR39_2 Pin=R39-2
Added Pin To Net: NetName=NetR39_2 Pin=R44-2
Added Pin To Net: NetName=NetR39_2 Pin=R45-1
Added Pin To Net: NetName=NetR39_2 Pin=U5-10
Added Net: Name=NetR39_2
Added Pin To Net: NetName=NetR42_1 Pin=R42-1
Added Pin To Net: NetName=NetR42_1 Pin=R43-2
Added Pin To Net: NetName=NetR42_1 Pin=U5-14
Added Net: Name=NetR42_1
Added Pin To Net: NetName=NetR46_1 Pin=R46-1
Added Pin To Net: NetName=NetR46_1 Pin=U8-1
Added Net: Name=NetR46_1
Added Pin To Net: NetName=NetR47_1 Pin=R47-1
Added Pin To Net: NetName=NetR47_1 Pin=U8-8
Added Net: Name=NetR47_1
Added Pin To Net: NetName=NetR48_1 Pin=R48-1
Added Pin To Net: NetName=NetR48_1 Pin=R56-2
Added Pin To Net: NetName=NetR48_1 Pin=U7-15
Added Net: Name=NetR48_1
Added Pin To Net: NetName=NetR48_2 Pin=R48-2
Added Pin To Net: NetName=NetR48_2 Pin=R51-1
Added Pin To Net: NetName=NetR48_2 Pin=U7-16
Added Net: Name=NetR48_2
Added Pin To Net: NetName=NetR49_2 Pin=R49-2
Added Pin To Net: NetName=NetR49_2 Pin=R52-3
Added Pin To Net: NetName=NetR49_2 Pin=U7-11
Added Net: Name=NetR49_2
Added Pin To Net: NetName=NetR50_1 Pin=R50-1
Added Pin To Net: NetName=NetR50_1 Pin=U7-12
Added Net: Name=NetR50_1
Added Pin To Net: NetName=NetR52_2 Pin=R52-2
Added Pin To Net: NetName=NetR52_2 Pin=R55-2
Added Pin To Net: NetName=NetR52_2 Pin=R56-1
Added Pin To Net: NetName=NetR52_2 Pin=U7-10
Added Net: Name=NetR52_2
Added Pin To Net: NetName=NetR53_1 Pin=R53-1
Added Pin To Net: NetName=NetR53_1 Pin=R54-2
Added Pin To Net: NetName=NetR53_1 Pin=U7-14
Added Net: Name=NetR53_1
Added Pin To Net: NetName=PAMP1 Pin=R1-2
Added Pin To Net: NetName=PAMP1 Pin=R4-2
Added Net: Name=PAMP1
Added Pin To Net: NetName=PAMP2 Pin=R16-2
Added Pin To Net: NetName=PAMP2 Pin=R18-2
Added Net: Name=PAMP2
Added Pin To Net: NetName=PAMP3 Pin=R32-2
Added Pin To Net: NetName=PAMP3 Pin=R33-2
Added Net: Name=PAMP3
Added Pin To Net: NetName=PAMP4 Pin=R46-2
Added Pin To Net: NetName=PAMP4 Pin=R47-2
Added Net: Name=PAMP4
Added Pin To Net: NetName=V+ Pin=C1-1
Added Pin To Net: NetName=V+ Pin=C4-1
Added Pin To Net: NetName=V+ Pin=C7-1
Added Pin To Net: NetName=V+ Pin=C10-1
Added Pin To Net: NetName=V+ Pin=P1-3
Added Pin To Net: NetName=V+ Pin=U1-7
Added Pin To Net: NetName=V+ Pin=U2-4
Added Pin To Net: NetName=V+ Pin=U3-7
Added Pin To Net: NetName=V+ Pin=U4-4
Added Pin To Net: NetName=V+ Pin=U5-4
Added Pin To Net: NetName=V+ Pin=U6-7
Added Pin To Net: NetName=V+ Pin=U7-4
Added Pin To Net: NetName=V+ Pin=U8-7
Added Net: Name=V+
Added Pin To Net: NetName=V- Pin=C3-2
Added Pin To Net: NetName=V- Pin=C6-2
Added Pin To Net: NetName=V- Pin=C9-2
Added Pin To Net: NetName=V- Pin=C12-2
Added Pin To Net: NetName=V- Pin=P1-2
Added Pin To Net: NetName=V- Pin=U1-4
Added Pin To Net: NetName=V- Pin=U2-13
Added Pin To Net: NetName=V- Pin=U3-4
Added Pin To Net: NetName=V- Pin=U4-13
Added Pin To Net: NetName=V- Pin=U5-13
Added Pin To Net: NetName=V- Pin=U6-4
Added Pin To Net: NetName=V- Pin=U7-13
Added Pin To Net: NetName=V- Pin=U8-4
Added Net: Name=V-
Added Pin To Net: NetName=VGND Pin=C1-2
Added Pin To Net: NetName=VGND Pin=C3-1
Added Pin To Net: NetName=VGND Pin=C4-2
Added Pin To Net: NetName=VGND Pin=C6-1
Added Pin To Net: NetName=VGND Pin=C7-2
Added Pin To Net: NetName=VGND Pin=C9-1
Added Pin To Net: NetName=VGND Pin=C10-2
Added Pin To Net: NetName=VGND Pin=C12-1
Added Pin To Net: NetName=VGND Pin=C13-2
Added Pin To Net: NetName=VGND Pin=C22-1
Added Pin To Net: NetName=VGND Pin=C23-1
Added Pin To Net: NetName=VGND Pin=C24-1
Added Pin To Net: NetName=VGND Pin=C25-1
Added Pin To Net: NetName=VGND Pin=P1-1
Added Pin To Net: NetName=VGND Pin=P4-1
Added Pin To Net: NetName=VGND Pin=R5-1
Added Pin To Net: NetName=VGND Pin=R11-2
Added Pin To Net: NetName=VGND Pin=R14-1
Added Pin To Net: NetName=VGND Pin=R21-1
Added Pin To Net: NetName=VGND Pin=R26-2
Added Pin To Net: NetName=VGND Pin=R28-1
Added Pin To Net: NetName=VGND Pin=R35-1
Added Pin To Net: NetName=VGND Pin=R42-2
Added Pin To Net: NetName=VGND Pin=R44-1
Added Pin To Net: NetName=VGND Pin=R49-1
Added Pin To Net: NetName=VGND Pin=R53-2
Added Pin To Net: NetName=VGND Pin=R55-1
Added Pin To Net: NetName=VGND Pin=R61-2
Added Pin To Net: NetName=VGND Pin=R62-2
Added Pin To Net: NetName=VGND Pin=R63-2
Added Pin To Net: NetName=VGND Pin=R64-2
Added Pin To Net: NetName=VGND Pin=U1-5
Added Pin To Net: NetName=VGND Pin=U2-5
Added Pin To Net: NetName=VGND Pin=U3-5
Added Pin To Net: NetName=VGND Pin=U4-5
Added Pin To Net: NetName=VGND Pin=U5-5
Added Pin To Net: NetName=VGND Pin=U6-5
Added Pin To Net: NetName=VGND Pin=U7-5
Added Pin To Net: NetName=VGND Pin=U8-5
Added Pin To Net: NetName=VGND Pin=U11-2
Added Net: Name=VGND
Added Pin To Net: NetName=VOUTHPFLT1 Pin=R57-2
Added Pin To Net: NetName=VOUTHPFLT1 Pin=U9-1
Added Pin To Net: NetName=VOUTHPFLT1 Pin=U9-2
Added Net: Name=VOUTHPFLT1
Added Pin To Net: NetName=VOUTHPFLT2 Pin=R58-2
Added Pin To Net: NetName=VOUTHPFLT2 Pin=U9-13
Added Pin To Net: NetName=VOUTHPFLT2 Pin=U9-14
Added Net: Name=VOUTHPFLT2
Added Pin To Net: NetName=VOUTHPFLT3 Pin=R59-2
Added Pin To Net: NetName=VOUTHPFLT3 Pin=U10-1
Added Pin To Net: NetName=VOUTHPFLT3 Pin=U10-2
Added Net: Name=VOUTHPFLT3
Added Pin To Net: NetName=VOUTHPFLT4 Pin=R60-2
Added Pin To Net: NetName=VOUTHPFLT4 Pin=U10-13
Added Pin To Net: NetName=VOUTHPFLT4 Pin=U10-14
Added Net: Name=VOUTHPFLT4
Added Pin To Net: NetName=VOUTLPFLT1 Pin=C26-1
Added Pin To Net: NetName=VOUTLPFLT1 Pin=U9-6
Added Pin To Net: NetName=VOUTLPFLT1 Pin=U9-7
Added Net: Name=VOUTLPFLT1
Added Pin To Net: NetName=VOUTLPFLT2 Pin=C28-1
Added Pin To Net: NetName=VOUTLPFLT2 Pin=U9-8
Added Pin To Net: NetName=VOUTLPFLT2 Pin=U9-9
Added Net: Name=VOUTLPFLT2
Added Pin To Net: NetName=VOUTLPFLT3 Pin=C27-1
Added Pin To Net: NetName=VOUTLPFLT3 Pin=U10-6
Added Pin To Net: NetName=VOUTLPFLT3 Pin=U10-7
Added Net: Name=VOUTLPFLT3
Added Pin To Net: NetName=VOUTLPFLT4 Pin=C29-1
Added Pin To Net: NetName=VOUTLPFLT4 Pin=U10-8
Added Pin To Net: NetName=VOUTLPFLT4 Pin=U10-9
Added Net: Name=VOUTLPFLT4
Added Pin To Net: NetName=VOUTPAM1 Pin=C14-2
Added Net: Name=VOUTPAM1
Added Pin To Net: NetName=VOUTPAM2 Pin=C17-2
Added Net: Name=VOUTPAM2
Added Pin To Net: NetName=VOUTPAM3 Pin=C18-2
Added Net: Name=VOUTPAM3
Added Pin To Net: NetName=VOUTPAM4 Pin=C21-2
Added Net: Name=VOUTPAM4
Added Pin To Net: NetName=VREF2.5 Pin=C13-1
Added Pin To Net: NetName=VREF2.5 Pin=U11-5
Added Net: Name=VREF2.5
Added Class: Name=EmgAcq
Added Room: Name=EmgAcq
