Added Component: Designator=C1(RAD-0.3)
Added Component: Designator=C2(RB7.6-15)
Added Component: Designator=C3(RB7.6-15)
Added Component: Designator=C4(RAD-0.3)
Added Component: Designator=C5(RB5-10.5)
Added Component: Designator=C6(RAD-0.3)
Added Component: Designator=C7(RB7.6-15)
Added Component: Designator=C8(RB5-10.5)
Added Component: Designator=C9(RAD-0.3)
Added Component: Designator=C10(RAD-0.3)
Added Component: Designator=D1(PUENTE1A)
Added Component: Designator=P1(AZUL5-3)
Added Component: Designator=P2(AZUL5-4)
Added Component: Designator=U1(221A-04)
Added Component: Designator=U2(221A-04)
Added Component: Designator=U3(221A-04)
Added Pin To Net: NetName=A Pin=P1-2
Added Net: Name=A
Added Pin To Net: NetName=B Pin=P1-3
Added Net: Name=B
Added Pin To Net: NetName=GND Pin=C1-1
Added Pin To Net: NetName=GND Pin=C4-1
Added Pin To Net: NetName=GND Pin=C5-2
Added Pin To Net: NetName=GND Pin=C6-1
Added Pin To Net: NetName=GND Pin=C8-1
Added Pin To Net: NetName=GND Pin=C9-2
Added Pin To Net: NetName=GND Pin=C10-1
Added Pin To Net: NetName=GND Pin=P1-1
Added Pin To Net: NetName=GND Pin=P2-1
Added Pin To Net: NetName=GND Pin=U1-2
Added Pin To Net: NetName=GND Pin=U2-2
Added Pin To Net: NetName=GND Pin=U3-1
Added Net: Name=GND
Added Pin To Net: NetName=VNEG Pin=C8-2
Added Pin To Net: NetName=VNEG Pin=C9-1
Added Pin To Net: NetName=VNEG Pin=U3-2
Added Net: Name=VNEG
Added Pin To Net: NetName=VO+5 Pin=C1-2
Added Pin To Net: NetName=VO+5 Pin=P2-2
Added Pin To Net: NetName=VO+5 Pin=U1-3
Added Net: Name=VO+5
Added Pin To Net: NetName=VO+12 Pin=C4-2
Added Pin To Net: NetName=VO+12 Pin=P2-3
Added Pin To Net: NetName=VO+12 Pin=U2-3
Added Net: Name=VO+12
Added Pin To Net: NetName=VO-12 Pin=C10-2
Added Pin To Net: NetName=VO-12 Pin=P2-4
Added Pin To Net: NetName=VO-12 Pin=U3-3
Added Net: Name=VO-12
Added Pin To Net: NetName=VPOS Pin=C5-1
Added Pin To Net: NetName=VPOS Pin=C6-2
Added Pin To Net: NetName=VPOS Pin=U1-1
Added Pin To Net: NetName=VPOS Pin=U2-1
Added Net: Name=VPOS
Added Class: Name=Fuente Simetrica
Added Room: Name=Fuente Simetrica
